
> code-orbit-frontend@1.0.0 dev
> vite

[33mThe CJS build of Vite's Node API is deprecated. See https://vite.dev/guide/troubleshooting.html#vite-cjs-node-api-deprecated for more details.[39m

  VITE v5.4.21  ready in 136 ms

  ➜  Local:   http://localhost:5173/
  ➜  Network: use --host to expose
1:45:35 am [vite] Internal server error: /home/mainframe/Desktop/coding/projects/codeOrbit/codeOrbit/frontend/src/components/TerminalPanel.jsx: Unexpected token, expected "," (134:1)

  132 |         </div>
  133 |     );
> 134 | };
      |  ^
  135 |
  136 | const styles = {
  137 |     container: {
  Plugin: vite:react-babel
  File: /home/mainframe/Desktop/coding/projects/codeOrbit/codeOrbit/frontend/src/components/TerminalPanel.jsx:134:1
  132|          </div>
  133|      );
  134|  };
     |   ^
  135|  
  136|  const styles = {
      at constructor (/home/mainframe/Desktop/coding/projects/codeOrbit/codeOrbit/frontend/node_modules/@babel/parser/lib/index.js:365:19)
      at JSXParserMixin.raise (/home/mainframe/Desktop/coding/projects/codeOrbit/codeOrbit/frontend/node_modules/@babel/parser/lib/index.js:6599:19)
      at JSXParserMixin.unexpected (/home/mainframe/Desktop/coding/projects/codeOrbit/codeOrbit/frontend/node_modules/@babel/parser/lib/index.js:6619:16)
      at JSXParserMixin.expect (/home/mainframe/Desktop/coding/projects/codeOrbit/codeOrbit/frontend/node_modules/@babel/parser/lib/index.js:6899:12)
      at JSXParserMixin.parseCallExpressionArguments (/home/mainframe/Desktop/coding/projects/codeOrbit/codeOrbit/frontend/node_modules/@babel/parser/lib/index.js:11243:14)
      at JSXParserMixin.parseCoverCallAndAsyncArrowHead (/home/mainframe/Desktop/coding/projects/codeOrbit/codeOrbit/frontend/node_modules/@babel/parser/lib/index.js:11186:29)
      at JSXParserMixin.parseSubscript (/home/mainframe/Desktop/coding/projects/codeOrbit/codeOrbit/frontend/node_modules/@babel/parser/lib/index.js:11120:19)
      at JSXParserMixin.parseSubscripts (/home/mainframe/Desktop/coding/projects/codeOrbit/codeOrbit/frontend/node_modules/@babel/parser/lib/index.js:11094:19)
      at JSXParserMixin.parseExprSubscripts (/home/mainframe/Desktop/coding/projects/codeOrbit/codeOrbit/frontend/node_modules/@babel/parser/lib/index.js:11085:17)
      at JSXParserMixin.parseUpdate (/home/mainframe/Desktop/coding/projects/codeOrbit/codeOrbit/frontend/node_modules/@babel/parser/lib/index.js:11066:21)
      at JSXParserMixin.parseMaybeUnary (/home/mainframe/Desktop/coding/projects/codeOrbit/codeOrbit/frontend/node_modules/@babel/parser/lib/index.js:11046:23)
      at JSXParserMixin.parseMaybeUnaryOrPrivate (/home/mainframe/Desktop/coding/projects/codeOrbit/codeOrbit/frontend/node_modules/@babel/parser/lib/index.js:10899:61)
      at JSXParserMixin.parseExprOps (/home/mainframe/Desktop/coding/projects/codeOrbit/codeOrbit/frontend/node_modules/@babel/parser/lib/index.js:10904:23)
      at JSXParserMixin.parseMaybeConditional (/home/mainframe/Desktop/coding/projects/codeOrbit/codeOrbit/frontend/node_modules/@babel/parser/lib/index.js:10881:23)
      at JSXParserMixin.parseMaybeAssign (/home/mainframe/Desktop/coding/projects/codeOrbit/codeOrbit/frontend/node_modules/@babel/parser/lib/index.js:10831:21)
      at /home/mainframe/Desktop/coding/projects/codeOrbit/codeOrbit/frontend/node_modules/@babel/parser/lib/index.js:10800:39
      at JSXParserMixin.allowInAnd (/home/mainframe/Desktop/coding/projects/codeOrbit/codeOrbit/frontend/node_modules/@babel/parser/lib/index.js:12421:16)
      at JSXParserMixin.parseMaybeAssignAllowIn (/home/mainframe/Desktop/coding/projects/codeOrbit/codeOrbit/frontend/node_modules/@babel/parser/lib/index.js:10800:17)
      at JSXParserMixin.parseVar (/home/mainframe/Desktop/coding/projects/codeOrbit/codeOrbit/frontend/node_modules/@babel/parser/lib/index.js:13384:91)
      at JSXParserMixin.parseVarStatement (/home/mainframe/Desktop/coding/projects/codeOrbit/codeOrbit/frontend/node_modules/@babel/parser/lib/index.js:13230:10)
      at JSXParserMixin.parseStatementContent (/home/mainframe/Desktop/coding/projects/codeOrbit/codeOrbit/frontend/node_modules/@babel/parser/lib/index.js:12851:23)
      at JSXParserMixin.parseStatementLike (/home/mainframe/Desktop/coding/projects/codeOrbit/codeOrbit/frontend/node_modules/@babel/parser/lib/index.js:12767:17)
      at JSXParserMixin.parseModuleItem (/home/mainframe/Desktop/coding/projects/codeOrbit/codeOrbit/frontend/node_modules/@babel/parser/lib/index.js:12744:17)
      at JSXParserMixin.parseBlockOrModuleBlockBody (/home/mainframe/Desktop/coding/projects/codeOrbit/codeOrbit/frontend/node_modules/@babel/parser/lib/index.js:13316:36)
      at JSXParserMixin.parseBlockBody (/home/mainframe/Desktop/coding/projects/codeOrbit/codeOrbit/frontend/node_modules/@babel/parser/lib/index.js:13309:10)
      at JSXParserMixin.parseProgram (/home/mainframe/Desktop/coding/projects/codeOrbit/codeOrbit/frontend/node_modules/@babel/parser/lib/index.js:12622:10)
      at JSXParserMixin.parseTopLevel (/home/mainframe/Desktop/coding/projects/codeOrbit/codeOrbit/frontend/node_modules/@babel/parser/lib/index.js:12612:25)
      at JSXParserMixin.parse (/home/mainframe/Desktop/coding/projects/codeOrbit/codeOrbit/frontend/node_modules/@babel/parser/lib/index.js:14488:25)
      at parse (/home/mainframe/Desktop/coding/projects/codeOrbit/codeOrbit/frontend/node_modules/@babel/parser/lib/index.js:14522:38)
      at parser (/home/mainframe/Desktop/coding/projects/codeOrbit/codeOrbit/frontend/node_modules/@babel/core/lib/parser/index.js:41:34)
      at parser.next (<anonymous>)
      at normalizeFile (/home/mainframe/Desktop/coding/projects/codeOrbit/codeOrbit/frontend/node_modules/@babel/core/lib/transformation/normalize-file.js:64:37)
      at normalizeFile.next (<anonymous>)
      at run (/home/mainframe/Desktop/coding/projects/codeOrbit/codeOrbit/frontend/node_modules/@babel/core/lib/transformation/index.js:22:50)
      at run.next (<anonymous>)
      at transform (/home/mainframe/Desktop/coding/projects/codeOrbit/codeOrbit/frontend/node_modules/@babel/core/lib/transform.js:22:33)
      at transform.next (<anonymous>)
      at step (/home/mainframe/Desktop/coding/projects/codeOrbit/codeOrbit/frontend/node_modules/gensync/index.js:261:32)
      at /home/mainframe/Desktop/coding/projects/codeOrbit/codeOrbit/frontend/node_modules/gensync/index.js:273:13
      at async.call.result.err.err (/home/mainframe/Desktop/coding/projects/codeOrbit/codeOrbit/frontend/node_modules/gensync/index.js:223:11)
      at /home/mainframe/Desktop/coding/projects/codeOrbit/codeOrbit/frontend/node_modules/gensync/index.js:189:28
      at /home/mainframe/Desktop/coding/projects/codeOrbit/codeOrbit/frontend/node_modules/@babel/core/lib/gensync-utils/async.js:67:7
      at /home/mainframe/Desktop/coding/projects/codeOrbit/codeOrbit/frontend/node_modules/gensync/index.js:113:33
      at step (/home/mainframe/Desktop/coding/projects/codeOrbit/codeOrbit/frontend/node_modules/gensync/index.js:287:14)
      at /home/mainframe/Desktop/coding/projects/codeOrbit/codeOrbit/frontend/node_modules/gensync/index.js:273:13
      at async.call.result.err.err (/home/mainframe/Desktop/coding/projects/codeOrbit/codeOrbit/frontend/node_modules/gensync/index.js:223:11)
1:45:35 am [vite] Pre-transform error: /home/mainframe/Desktop/coding/projects/codeOrbit/codeOrbit/frontend/src/components/TerminalPanel.jsx: Unexpected token, expected "," (134:1)

  132 |         </div>
  133 |     );
> 134 | };
      |  ^
  135 |
  136 | const styles = {
  137 |     container: {
1:45:35 am [vite] Internal server error: /home/mainframe/Desktop/coding/projects/codeOrbit/codeOrbit/frontend/src/components/TerminalPanel.jsx: Unexpected token, expected "," (134:1)

  132 |         </div>
  133 |     );
> 134 | };
      |  ^
  135 |
  136 | const styles = {
  137 |     container: {
  Plugin: vite:react-babel
  File: /home/mainframe/Desktop/coding/projects/codeOrbit/codeOrbit/frontend/src/components/TerminalPanel.jsx:134:1
  132|          </div>
  133|      );
  134|  };
     |   ^
  135|  
  136|  const styles = {
      at constructor (/home/mainframe/Desktop/coding/projects/codeOrbit/codeOrbit/frontend/node_modules/@babel/parser/lib/index.js:365:19)
      at JSXParserMixin.raise (/home/mainframe/Desktop/coding/projects/codeOrbit/codeOrbit/frontend/node_modules/@babel/parser/lib/index.js:6599:19)
      at JSXParserMixin.unexpected (/home/mainframe/Desktop/coding/projects/codeOrbit/codeOrbit/frontend/node_modules/@babel/parser/lib/index.js:6619:16)
      at JSXParserMixin.expect (/home/mainframe/Desktop/coding/projects/codeOrbit/codeOrbit/frontend/node_modules/@babel/parser/lib/index.js:6899:12)
      at JSXParserMixin.parseCallExpressionArguments (/home/mainframe/Desktop/coding/projects/codeOrbit/codeOrbit/frontend/node_modules/@babel/parser/lib/index.js:11243:14)
      at JSXParserMixin.parseCoverCallAndAsyncArrowHead (/home/mainframe/Desktop/coding/projects/codeOrbit/codeOrbit/frontend/node_modules/@babel/parser/lib/index.js:11186:29)
      at JSXParserMixin.parseSubscript (/home/mainframe/Desktop/coding/projects/codeOrbit/codeOrbit/frontend/node_modules/@babel/parser/lib/index.js:11120:19)
      at JSXParserMixin.parseSubscripts (/home/mainframe/Desktop/coding/projects/codeOrbit/codeOrbit/frontend/node_modules/@babel/parser/lib/index.js:11094:19)
      at JSXParserMixin.parseExprSubscripts (/home/mainframe/Desktop/coding/projects/codeOrbit/codeOrbit/frontend/node_modules/@babel/parser/lib/index.js:11085:17)
      at JSXParserMixin.parseUpdate (/home/mainframe/Desktop/coding/projects/codeOrbit/codeOrbit/frontend/node_modules/@babel/parser/lib/index.js:11066:21)
      at JSXParserMixin.parseMaybeUnary (/home/mainframe/Desktop/coding/projects/codeOrbit/codeOrbit/frontend/node_modules/@babel/parser/lib/index.js:11046:23)
      at JSXParserMixin.parseMaybeUnaryOrPrivate (/home/mainframe/Desktop/coding/projects/codeOrbit/codeOrbit/frontend/node_modules/@babel/parser/lib/index.js:10899:61)
      at JSXParserMixin.parseExprOps (/home/mainframe/Desktop/coding/projects/codeOrbit/codeOrbit/frontend/node_modules/@babel/parser/lib/index.js:10904:23)
      at JSXParserMixin.parseMaybeConditional (/home/mainframe/Desktop/coding/projects/codeOrbit/codeOrbit/frontend/node_modules/@babel/parser/lib/index.js:10881:23)
      at JSXParserMixin.parseMaybeAssign (/home/mainframe/Desktop/coding/projects/codeOrbit/codeOrbit/frontend/node_modules/@babel/parser/lib/index.js:10831:21)
      at /home/mainframe/Desktop/coding/projects/codeOrbit/codeOrbit/frontend/node_modules/@babel/parser/lib/index.js:10800:39
      at JSXParserMixin.allowInAnd (/home/mainframe/Desktop/coding/projects/codeOrbit/codeOrbit/frontend/node_modules/@babel/parser/lib/index.js:12421:16)
      at JSXParserMixin.parseMaybeAssignAllowIn (/home/mainframe/Desktop/coding/projects/codeOrbit/codeOrbit/frontend/node_modules/@babel/parser/lib/index.js:10800:17)
      at JSXParserMixin.parseVar (/home/mainframe/Desktop/coding/projects/codeOrbit/codeOrbit/frontend/node_modules/@babel/parser/lib/index.js:13384:91)
      at JSXParserMixin.parseVarStatement (/home/mainframe/Desktop/coding/projects/codeOrbit/codeOrbit/frontend/node_modules/@babel/parser/lib/index.js:13230:10)
      at JSXParserMixin.parseStatementContent (/home/mainframe/Desktop/coding/projects/codeOrbit/codeOrbit/frontend/node_modules/@babel/parser/lib/index.js:12851:23)
      at JSXParserMixin.parseStatementLike (/home/mainframe/Desktop/coding/projects/codeOrbit/codeOrbit/frontend/node_modules/@babel/parser/lib/index.js:12767:17)
      at JSXParserMixin.parseModuleItem (/home/mainframe/Desktop/coding/projects/codeOrbit/codeOrbit/frontend/node_modules/@babel/parser/lib/index.js:12744:17)
      at JSXParserMixin.parseBlockOrModuleBlockBody (/home/mainframe/Desktop/coding/projects/codeOrbit/codeOrbit/frontend/node_modules/@babel/parser/lib/index.js:13316:36)
      at JSXParserMixin.parseBlockBody (/home/mainframe/Desktop/coding/projects/codeOrbit/codeOrbit/frontend/node_modules/@babel/parser/lib/index.js:13309:10)
      at JSXParserMixin.parseProgram (/home/mainframe/Desktop/coding/projects/codeOrbit/codeOrbit/frontend/node_modules/@babel/parser/lib/index.js:12622:10)
      at JSXParserMixin.parseTopLevel (/home/mainframe/Desktop/coding/projects/codeOrbit/codeOrbit/frontend/node_modules/@babel/parser/lib/index.js:12612:25)
      at JSXParserMixin.parse (/home/mainframe/Desktop/coding/projects/codeOrbit/codeOrbit/frontend/node_modules/@babel/parser/lib/index.js:14488:25)
      at parse (/home/mainframe/Desktop/coding/projects/codeOrbit/codeOrbit/frontend/node_modules/@babel/parser/lib/index.js:14522:38)
      at parser (/home/mainframe/Desktop/coding/projects/codeOrbit/codeOrbit/frontend/node_modules/@babel/core/lib/parser/index.js:41:34)
      at parser.next (<anonymous>)
      at normalizeFile (/home/mainframe/Desktop/coding/projects/codeOrbit/codeOrbit/frontend/node_modules/@babel/core/lib/transformation/normalize-file.js:64:37)
      at normalizeFile.next (<anonymous>)
      at run (/home/mainframe/Desktop/coding/projects/codeOrbit/codeOrbit/frontend/node_modules/@babel/core/lib/transformation/index.js:22:50)
      at run.next (<anonymous>)
      at transform (/home/mainframe/Desktop/coding/projects/codeOrbit/codeOrbit/frontend/node_modules/@babel/core/lib/transform.js:22:33)
      at transform.next (<anonymous>)
      at step (/home/mainframe/Desktop/coding/projects/codeOrbit/codeOrbit/frontend/node_modules/gensync/index.js:261:32)
      at /home/mainframe/Desktop/coding/projects/codeOrbit/codeOrbit/frontend/node_modules/gensync/index.js:273:13
      at async.call.result.err.err (/home/mainframe/Desktop/coding/projects/codeOrbit/codeOrbit/frontend/node_modules/gensync/index.js:223:11)
      at /home/mainframe/Desktop/coding/projects/codeOrbit/codeOrbit/frontend/node_modules/gensync/index.js:189:28
      at /home/mainframe/Desktop/coding/projects/codeOrbit/codeOrbit/frontend/node_modules/@babel/core/lib/gensync-utils/async.js:67:7
      at /home/mainframe/Desktop/coding/projects/codeOrbit/codeOrbit/frontend/node_modules/gensync/index.js:113:33
      at step (/home/mainframe/Desktop/coding/projects/codeOrbit/codeOrbit/frontend/node_modules/gensync/index.js:287:14)
      at /home/mainframe/Desktop/coding/projects/codeOrbit/codeOrbit/frontend/node_modules/gensync/index.js:273:13
      at async.call.result.err.err (/home/mainframe/Desktop/coding/projects/codeOrbit/codeOrbit/frontend/node_modules/gensync/index.js:223:11)
1:45:35 am [vite] Internal server error: /home/mainframe/Desktop/coding/projects/codeOrbit/codeOrbit/frontend/src/components/TerminalPanel.jsx: Unexpected token, expected "," (134:1)

  132 |         </div>
  133 |     );
> 134 | };
      |  ^
  135 |
  136 | const styles = {
  137 |     container: {
  Plugin: vite:react-babel
  File: /home/mainframe/Desktop/coding/projects/codeOrbit/codeOrbit/frontend/src/components/TerminalPanel.jsx:134:1
  132|          </div>
  133|      );
  134|  };
     |   ^
  135|  
  136|  const styles = {
      at constructor (/home/mainframe/Desktop/coding/projects/codeOrbit/codeOrbit/frontend/node_modules/@babel/parser/lib/index.js:365:19)
      at JSXParserMixin.raise (/home/mainframe/Desktop/coding/projects/codeOrbit/codeOrbit/frontend/node_modules/@babel/parser/lib/index.js:6599:19)
      at JSXParserMixin.unexpected (/home/mainframe/Desktop/coding/projects/codeOrbit/codeOrbit/frontend/node_modules/@babel/parser/lib/index.js:6619:16)
      at JSXParserMixin.expect (/home/mainframe/Desktop/coding/projects/codeOrbit/codeOrbit/frontend/node_modules/@babel/parser/lib/index.js:6899:12)
      at JSXParserMixin.parseCallExpressionArguments (/home/mainframe/Desktop/coding/projects/codeOrbit/codeOrbit/frontend/node_modules/@babel/parser/lib/index.js:11243:14)
      at JSXParserMixin.parseCoverCallAndAsyncArrowHead (/home/mainframe/Desktop/coding/projects/codeOrbit/codeOrbit/frontend/node_modules/@babel/parser/lib/index.js:11186:29)
      at JSXParserMixin.parseSubscript (/home/mainframe/Desktop/coding/projects/codeOrbit/codeOrbit/frontend/node_modules/@babel/parser/lib/index.js:11120:19)
      at JSXParserMixin.parseSubscripts (/home/mainframe/Desktop/coding/projects/codeOrbit/codeOrbit/frontend/node_modules/@babel/parser/lib/index.js:11094:19)
      at JSXParserMixin.parseExprSubscripts (/home/mainframe/Desktop/coding/projects/codeOrbit/codeOrbit/frontend/node_modules/@babel/parser/lib/index.js:11085:17)
      at JSXParserMixin.parseUpdate (/home/mainframe/Desktop/coding/projects/codeOrbit/codeOrbit/frontend/node_modules/@babel/parser/lib/index.js:11066:21)
      at JSXParserMixin.parseMaybeUnary (/home/mainframe/Desktop/coding/projects/codeOrbit/codeOrbit/frontend/node_modules/@babel/parser/lib/index.js:11046:23)
      at JSXParserMixin.parseMaybeUnaryOrPrivate (/home/mainframe/Desktop/coding/projects/codeOrbit/codeOrbit/frontend/node_modules/@babel/parser/lib/index.js:10899:61)
      at JSXParserMixin.parseExprOps (/home/mainframe/Desktop/coding/projects/codeOrbit/codeOrbit/frontend/node_modules/@babel/parser/lib/index.js:10904:23)
      at JSXParserMixin.parseMaybeConditional (/home/mainframe/Desktop/coding/projects/codeOrbit/codeOrbit/frontend/node_modules/@babel/parser/lib/index.js:10881:23)
      at JSXParserMixin.parseMaybeAssign (/home/mainframe/Desktop/coding/projects/codeOrbit/codeOrbit/frontend/node_modules/@babel/parser/lib/index.js:10831:21)
      at /home/mainframe/Desktop/coding/projects/codeOrbit/codeOrbit/frontend/node_modules/@babel/parser/lib/index.js:10800:39
      at JSXParserMixin.allowInAnd (/home/mainframe/Desktop/coding/projects/codeOrbit/codeOrbit/frontend/node_modules/@babel/parser/lib/index.js:12421:16)
      at JSXParserMixin.parseMaybeAssignAllowIn (/home/mainframe/Desktop/coding/projects/codeOrbit/codeOrbit/frontend/node_modules/@babel/parser/lib/index.js:10800:17)
      at JSXParserMixin.parseVar (/home/mainframe/Desktop/coding/projects/codeOrbit/codeOrbit/frontend/node_modules/@babel/parser/lib/index.js:13384:91)
      at JSXParserMixin.parseVarStatement (/home/mainframe/Desktop/coding/projects/codeOrbit/codeOrbit/frontend/node_modules/@babel/parser/lib/index.js:13230:10)
      at JSXParserMixin.parseStatementContent (/home/mainframe/Desktop/coding/projects/codeOrbit/codeOrbit/frontend/node_modules/@babel/parser/lib/index.js:12851:23)
      at JSXParserMixin.parseStatementLike (/home/mainframe/Desktop/coding/projects/codeOrbit/codeOrbit/frontend/node_modules/@babel/parser/lib/index.js:12767:17)
      at JSXParserMixin.parseModuleItem (/home/mainframe/Desktop/coding/projects/codeOrbit/codeOrbit/frontend/node_modules/@babel/parser/lib/index.js:12744:17)
      at JSXParserMixin.parseBlockOrModuleBlockBody (/home/mainframe/Desktop/coding/projects/codeOrbit/codeOrbit/frontend/node_modules/@babel/parser/lib/index.js:13316:36)
      at JSXParserMixin.parseBlockBody (/home/mainframe/Desktop/coding/projects/codeOrbit/codeOrbit/frontend/node_modules/@babel/parser/lib/index.js:13309:10)
      at JSXParserMixin.parseProgram (/home/mainframe/Desktop/coding/projects/codeOrbit/codeOrbit/frontend/node_modules/@babel/parser/lib/index.js:12622:10)
      at JSXParserMixin.parseTopLevel (/home/mainframe/Desktop/coding/projects/codeOrbit/codeOrbit/frontend/node_modules/@babel/parser/lib/index.js:12612:25)
      at JSXParserMixin.parse (/home/mainframe/Desktop/coding/projects/codeOrbit/codeOrbit/frontend/node_modules/@babel/parser/lib/index.js:14488:25)
      at parse (/home/mainframe/Desktop/coding/projects/codeOrbit/codeOrbit/frontend/node_modules/@babel/parser/lib/index.js:14522:38)
      at parser (/home/mainframe/Desktop/coding/projects/codeOrbit/codeOrbit/frontend/node_modules/@babel/core/lib/parser/index.js:41:34)
      at parser.next (<anonymous>)
      at normalizeFile (/home/mainframe/Desktop/coding/projects/codeOrbit/codeOrbit/frontend/node_modules/@babel/core/lib/transformation/normalize-file.js:64:37)
      at normalizeFile.next (<anonymous>)
      at run (/home/mainframe/Desktop/coding/projects/codeOrbit/codeOrbit/frontend/node_modules/@babel/core/lib/transformation/index.js:22:50)
      at run.next (<anonymous>)
      at transform (/home/mainframe/Desktop/coding/projects/codeOrbit/codeOrbit/frontend/node_modules/@babel/core/lib/transform.js:22:33)
      at transform.next (<anonymous>)
      at step (/home/mainframe/Desktop/coding/projects/codeOrbit/codeOrbit/frontend/node_modules/gensync/index.js:261:32)
      at /home/mainframe/Desktop/coding/projects/codeOrbit/codeOrbit/frontend/node_modules/gensync/index.js:273:13
      at async.call.result.err.err (/home/mainframe/Desktop/coding/projects/codeOrbit/codeOrbit/frontend/node_modules/gensync/index.js:223:11)
      at /home/mainframe/Desktop/coding/projects/codeOrbit/codeOrbit/frontend/node_modules/gensync/index.js:189:28
      at /home/mainframe/Desktop/coding/projects/codeOrbit/codeOrbit/frontend/node_modules/@babel/core/lib/gensync-utils/async.js:67:7
      at /home/mainframe/Desktop/coding/projects/codeOrbit/codeOrbit/frontend/node_modules/gensync/index.js:113:33
      at step (/home/mainframe/Desktop/coding/projects/codeOrbit/codeOrbit/frontend/node_modules/gensync/index.js:287:14)
      at /home/mainframe/Desktop/coding/projects/codeOrbit/codeOrbit/frontend/node_modules/gensync/index.js:273:13
      at async.call.result.err.err (/home/mainframe/Desktop/coding/projects/codeOrbit/codeOrbit/frontend/node_modules/gensync/index.js:223:11)
1:45:35 am [vite] Internal server error: /home/mainframe/Desktop/coding/projects/codeOrbit/codeOrbit/frontend/src/components/TerminalPanel.jsx: Unexpected token, expected "," (134:1)

  132 |         </div>
  133 |     );
> 134 | };
      |  ^
  135 |
  136 | const styles = {
  137 |     container: {
  Plugin: vite:react-babel
  File: /home/mainframe/Desktop/coding/projects/codeOrbit/codeOrbit/frontend/src/components/TerminalPanel.jsx:134:1
  132|          </div>
  133|      );
  134|  };
     |   ^
  135|  
  136|  const styles = {
      at constructor (/home/mainframe/Desktop/coding/projects/codeOrbit/codeOrbit/frontend/node_modules/@babel/parser/lib/index.js:365:19)
      at JSXParserMixin.raise (/home/mainframe/Desktop/coding/projects/codeOrbit/codeOrbit/frontend/node_modules/@babel/parser/lib/index.js:6599:19)
      at JSXParserMixin.unexpected (/home/mainframe/Desktop/coding/projects/codeOrbit/codeOrbit/frontend/node_modules/@babel/parser/lib/index.js:6619:16)
      at JSXParserMixin.expect (/home/mainframe/Desktop/coding/projects/codeOrbit/codeOrbit/frontend/node_modules/@babel/parser/lib/index.js:6899:12)
      at JSXParserMixin.parseCallExpressionArguments (/home/mainframe/Desktop/coding/projects/codeOrbit/codeOrbit/frontend/node_modules/@babel/parser/lib/index.js:11243:14)
      at JSXParserMixin.parseCoverCallAndAsyncArrowHead (/home/mainframe/Desktop/coding/projects/codeOrbit/codeOrbit/frontend/node_modules/@babel/parser/lib/index.js:11186:29)
      at JSXParserMixin.parseSubscript (/home/mainframe/Desktop/coding/projects/codeOrbit/codeOrbit/frontend/node_modules/@babel/parser/lib/index.js:11120:19)
      at JSXParserMixin.parseSubscripts (/home/mainframe/Desktop/coding/projects/codeOrbit/codeOrbit/frontend/node_modules/@babel/parser/lib/index.js:11094:19)
      at JSXParserMixin.parseExprSubscripts (/home/mainframe/Desktop/coding/projects/codeOrbit/codeOrbit/frontend/node_modules/@babel/parser/lib/index.js:11085:17)
      at JSXParserMixin.parseUpdate (/home/mainframe/Desktop/coding/projects/codeOrbit/codeOrbit/frontend/node_modules/@babel/parser/lib/index.js:11066:21)
      at JSXParserMixin.parseMaybeUnary (/home/mainframe/Desktop/coding/projects/codeOrbit/codeOrbit/frontend/node_modules/@babel/parser/lib/index.js:11046:23)
      at JSXParserMixin.parseMaybeUnaryOrPrivate (/home/mainframe/Desktop/coding/projects/codeOrbit/codeOrbit/frontend/node_modules/@babel/parser/lib/index.js:10899:61)
      at JSXParserMixin.parseExprOps (/home/mainframe/Desktop/coding/projects/codeOrbit/codeOrbit/frontend/node_modules/@babel/parser/lib/index.js:10904:23)
      at JSXParserMixin.parseMaybeConditional (/home/mainframe/Desktop/coding/projects/codeOrbit/codeOrbit/frontend/node_modules/@babel/parser/lib/index.js:10881:23)
      at JSXParserMixin.parseMaybeAssign (/home/mainframe/Desktop/coding/projects/codeOrbit/codeOrbit/frontend/node_modules/@babel/parser/lib/index.js:10831:21)
      at /home/mainframe/Desktop/coding/projects/codeOrbit/codeOrbit/frontend/node_modules/@babel/parser/lib/index.js:10800:39
      at JSXParserMixin.allowInAnd (/home/mainframe/Desktop/coding/projects/codeOrbit/codeOrbit/frontend/node_modules/@babel/parser/lib/index.js:12421:16)
      at JSXParserMixin.parseMaybeAssignAllowIn (/home/mainframe/Desktop/coding/projects/codeOrbit/codeOrbit/frontend/node_modules/@babel/parser/lib/index.js:10800:17)
      at JSXParserMixin.parseVar (/home/mainframe/Desktop/coding/projects/codeOrbit/codeOrbit/frontend/node_modules/@babel/parser/lib/index.js:13384:91)
      at JSXParserMixin.parseVarStatement (/home/mainframe/Desktop/coding/projects/codeOrbit/codeOrbit/frontend/node_modules/@babel/parser/lib/index.js:13230:10)
      at JSXParserMixin.parseStatementContent (/home/mainframe/Desktop/coding/projects/codeOrbit/codeOrbit/frontend/node_modules/@babel/parser/lib/index.js:12851:23)
      at JSXParserMixin.parseStatementLike (/home/mainframe/Desktop/coding/projects/codeOrbit/codeOrbit/frontend/node_modules/@babel/parser/lib/index.js:12767:17)
      at JSXParserMixin.parseModuleItem (/home/mainframe/Desktop/coding/projects/codeOrbit/codeOrbit/frontend/node_modules/@babel/parser/lib/index.js:12744:17)
      at JSXParserMixin.parseBlockOrModuleBlockBody (/home/mainframe/Desktop/coding/projects/codeOrbit/codeOrbit/frontend/node_modules/@babel/parser/lib/index.js:13316:36)
      at JSXParserMixin.parseBlockBody (/home/mainframe/Desktop/coding/projects/codeOrbit/codeOrbit/frontend/node_modules/@babel/parser/lib/index.js:13309:10)
      at JSXParserMixin.parseProgram (/home/mainframe/Desktop/coding/projects/codeOrbit/codeOrbit/frontend/node_modules/@babel/parser/lib/index.js:12622:10)
      at JSXParserMixin.parseTopLevel (/home/mainframe/Desktop/coding/projects/codeOrbit/codeOrbit/frontend/node_modules/@babel/parser/lib/index.js:12612:25)
      at JSXParserMixin.parse (/home/mainframe/Desktop/coding/projects/codeOrbit/codeOrbit/frontend/node_modules/@babel/parser/lib/index.js:14488:25)
      at parse (/home/mainframe/Desktop/coding/projects/codeOrbit/codeOrbit/frontend/node_modules/@babel/parser/lib/index.js:14522:38)
      at parser (/home/mainframe/Desktop/coding/projects/codeOrbit/codeOrbit/frontend/node_modules/@babel/core/lib/parser/index.js:41:34)
      at parser.next (<anonymous>)
      at normalizeFile (/home/mainframe/Desktop/coding/projects/codeOrbit/codeOrbit/frontend/node_modules/@babel/core/lib/transformation/normalize-file.js:64:37)
      at normalizeFile.next (<anonymous>)
      at run (/home/mainframe/Desktop/coding/projects/codeOrbit/codeOrbit/frontend/node_modules/@babel/core/lib/transformation/index.js:22:50)
      at run.next (<anonymous>)
      at transform (/home/mainframe/Desktop/coding/projects/codeOrbit/codeOrbit/frontend/node_modules/@babel/core/lib/transform.js:22:33)
      at transform.next (<anonymous>)
      at step (/home/mainframe/Desktop/coding/projects/codeOrbit/codeOrbit/frontend/node_modules/gensync/index.js:261:32)
      at /home/mainframe/Desktop/coding/projects/codeOrbit/codeOrbit/frontend/node_modules/gensync/index.js:273:13
      at async.call.result.err.err (/home/mainframe/Desktop/coding/projects/codeOrbit/codeOrbit/frontend/node_modules/gensync/index.js:223:11)
      at /home/mainframe/Desktop/coding/projects/codeOrbit/codeOrbit/frontend/node_modules/gensync/index.js:189:28
      at /home/mainframe/Desktop/coding/projects/codeOrbit/codeOrbit/frontend/node_modules/@babel/core/lib/gensync-utils/async.js:67:7
      at /home/mainframe/Desktop/coding/projects/codeOrbit/codeOrbit/frontend/node_modules/gensync/index.js:113:33
      at step (/home/mainframe/Desktop/coding/projects/codeOrbit/codeOrbit/frontend/node_modules/gensync/index.js:287:14)
      at /home/mainframe/Desktop/coding/projects/codeOrbit/codeOrbit/frontend/node_modules/gensync/index.js:273:13
      at async.call.result.err.err (/home/mainframe/Desktop/coding/projects/codeOrbit/codeOrbit/frontend/node_modules/gensync/index.js:223:11)
1:45:35 am [vite] Internal server error: /home/mainframe/Desktop/coding/projects/codeOrbit/codeOrbit/frontend/src/components/TerminalPanel.jsx: Unexpected token, expected "," (134:1)

  132 |         </div>
  133 |     );
> 134 | };
      |  ^
  135 |
  136 | const styles = {
  137 |     container: {
  Plugin: vite:react-babel
  File: /home/mainframe/Desktop/coding/projects/codeOrbit/codeOrbit/frontend/src/components/TerminalPanel.jsx:134:1
  132|          </div>
  133|      );
  134|  };
     |   ^
  135|  
  136|  const styles = {
      at constructor (/home/mainframe/Desktop/coding/projects/codeOrbit/codeOrbit/frontend/node_modules/@babel/parser/lib/index.js:365:19)
      at JSXParserMixin.raise (/home/mainframe/Desktop/coding/projects/codeOrbit/codeOrbit/frontend/node_modules/@babel/parser/lib/index.js:6599:19)
      at JSXParserMixin.unexpected (/home/mainframe/Desktop/coding/projects/codeOrbit/codeOrbit/frontend/node_modules/@babel/parser/lib/index.js:6619:16)
      at JSXParserMixin.expect (/home/mainframe/Desktop/coding/projects/codeOrbit/codeOrbit/frontend/node_modules/@babel/parser/lib/index.js:6899:12)
      at JSXParserMixin.parseCallExpressionArguments (/home/mainframe/Desktop/coding/projects/codeOrbit/codeOrbit/frontend/node_modules/@babel/parser/lib/index.js:11243:14)
      at JSXParserMixin.parseCoverCallAndAsyncArrowHead (/home/mainframe/Desktop/coding/projects/codeOrbit/codeOrbit/frontend/node_modules/@babel/parser/lib/index.js:11186:29)
      at JSXParserMixin.parseSubscript (/home/mainframe/Desktop/coding/projects/codeOrbit/codeOrbit/frontend/node_modules/@babel/parser/lib/index.js:11120:19)
      at JSXParserMixin.parseSubscripts (/home/mainframe/Desktop/coding/projects/codeOrbit/codeOrbit/frontend/node_modules/@babel/parser/lib/index.js:11094:19)
      at JSXParserMixin.parseExprSubscripts (/home/mainframe/Desktop/coding/projects/codeOrbit/codeOrbit/frontend/node_modules/@babel/parser/lib/index.js:11085:17)
      at JSXParserMixin.parseUpdate (/home/mainframe/Desktop/coding/projects/codeOrbit/codeOrbit/frontend/node_modules/@babel/parser/lib/index.js:11066:21)
      at JSXParserMixin.parseMaybeUnary (/home/mainframe/Desktop/coding/projects/codeOrbit/codeOrbit/frontend/node_modules/@babel/parser/lib/index.js:11046:23)
      at JSXParserMixin.parseMaybeUnaryOrPrivate (/home/mainframe/Desktop/coding/projects/codeOrbit/codeOrbit/frontend/node_modules/@babel/parser/lib/index.js:10899:61)
      at JSXParserMixin.parseExprOps (/home/mainframe/Desktop/coding/projects/codeOrbit/codeOrbit/frontend/node_modules/@babel/parser/lib/index.js:10904:23)
      at JSXParserMixin.parseMaybeConditional (/home/mainframe/Desktop/coding/projects/codeOrbit/codeOrbit/frontend/node_modules/@babel/parser/lib/index.js:10881:23)
      at JSXParserMixin.parseMaybeAssign (/home/mainframe/Desktop/coding/projects/codeOrbit/codeOrbit/frontend/node_modules/@babel/parser/lib/index.js:10831:21)
      at /home/mainframe/Desktop/coding/projects/codeOrbit/codeOrbit/frontend/node_modules/@babel/parser/lib/index.js:10800:39
      at JSXParserMixin.allowInAnd (/home/mainframe/Desktop/coding/projects/codeOrbit/codeOrbit/frontend/node_modules/@babel/parser/lib/index.js:12421:16)
      at JSXParserMixin.parseMaybeAssignAllowIn (/home/mainframe/Desktop/coding/projects/codeOrbit/codeOrbit/frontend/node_modules/@babel/parser/lib/index.js:10800:17)
      at JSXParserMixin.parseVar (/home/mainframe/Desktop/coding/projects/codeOrbit/codeOrbit/frontend/node_modules/@babel/parser/lib/index.js:13384:91)
      at JSXParserMixin.parseVarStatement (/home/mainframe/Desktop/coding/projects/codeOrbit/codeOrbit/frontend/node_modules/@babel/parser/lib/index.js:13230:10)
      at JSXParserMixin.parseStatementContent (/home/mainframe/Desktop/coding/projects/codeOrbit/codeOrbit/frontend/node_modules/@babel/parser/lib/index.js:12851:23)
      at JSXParserMixin.parseStatementLike (/home/mainframe/Desktop/coding/projects/codeOrbit/codeOrbit/frontend/node_modules/@babel/parser/lib/index.js:12767:17)
      at JSXParserMixin.parseModuleItem (/home/mainframe/Desktop/coding/projects/codeOrbit/codeOrbit/frontend/node_modules/@babel/parser/lib/index.js:12744:17)
      at JSXParserMixin.parseBlockOrModuleBlockBody (/home/mainframe/Desktop/coding/projects/codeOrbit/codeOrbit/frontend/node_modules/@babel/parser/lib/index.js:13316:36)
      at JSXParserMixin.parseBlockBody (/home/mainframe/Desktop/coding/projects/codeOrbit/codeOrbit/frontend/node_modules/@babel/parser/lib/index.js:13309:10)
      at JSXParserMixin.parseProgram (/home/mainframe/Desktop/coding/projects/codeOrbit/codeOrbit/frontend/node_modules/@babel/parser/lib/index.js:12622:10)
      at JSXParserMixin.parseTopLevel (/home/mainframe/Desktop/coding/projects/codeOrbit/codeOrbit/frontend/node_modules/@babel/parser/lib/index.js:12612:25)
      at JSXParserMixin.parse (/home/mainframe/Desktop/coding/projects/codeOrbit/codeOrbit/frontend/node_modules/@babel/parser/lib/index.js:14488:25)
      at parse (/home/mainframe/Desktop/coding/projects/codeOrbit/codeOrbit/frontend/node_modules/@babel/parser/lib/index.js:14522:38)
      at parser (/home/mainframe/Desktop/coding/projects/codeOrbit/codeOrbit/frontend/node_modules/@babel/core/lib/parser/index.js:41:34)
      at parser.next (<anonymous>)
      at normalizeFile (/home/mainframe/Desktop/coding/projects/codeOrbit/codeOrbit/frontend/node_modules/@babel/core/lib/transformation/normalize-file.js:64:37)
      at normalizeFile.next (<anonymous>)
      at run (/home/mainframe/Desktop/coding/projects/codeOrbit/codeOrbit/frontend/node_modules/@babel/core/lib/transformation/index.js:22:50)
      at run.next (<anonymous>)
      at transform (/home/mainframe/Desktop/coding/projects/codeOrbit/codeOrbit/frontend/node_modules/@babel/core/lib/transform.js:22:33)
      at transform.next (<anonymous>)
      at step (/home/mainframe/Desktop/coding/projects/codeOrbit/codeOrbit/frontend/node_modules/gensync/index.js:261:32)
      at /home/mainframe/Desktop/coding/projects/codeOrbit/codeOrbit/frontend/node_modules/gensync/index.js:273:13
      at async.call.result.err.err (/home/mainframe/Desktop/coding/projects/codeOrbit/codeOrbit/frontend/node_modules/gensync/index.js:223:11)
      at /home/mainframe/Desktop/coding/projects/codeOrbit/codeOrbit/frontend/node_modules/gensync/index.js:189:28
      at /home/mainframe/Desktop/coding/projects/codeOrbit/codeOrbit/frontend/node_modules/@babel/core/lib/gensync-utils/async.js:67:7
      at /home/mainframe/Desktop/coding/projects/codeOrbit/codeOrbit/frontend/node_modules/gensync/index.js:113:33
      at step (/home/mainframe/Desktop/coding/projects/codeOrbit/codeOrbit/frontend/node_modules/gensync/index.js:287:14)
      at /home/mainframe/Desktop/coding/projects/codeOrbit/codeOrbit/frontend/node_modules/gensync/index.js:273:13
      at async.call.result.err.err (/home/mainframe/Desktop/coding/projects/codeOrbit/codeOrbit/frontend/node_modules/gensync/index.js:223:11)
1:45:41 am [vite] Internal server error: /home/mainframe/Desktop/coding/projects/codeOrbit/codeOrbit/frontend/src/components/TerminalPanel.jsx: Unexpected token, expected "," (134:1)

  132 |         </div>
  133 |     );
> 134 | };
      |  ^
  135 |
  136 | const styles = {
  137 |     container: {
  Plugin: vite:react-babel
  File: /home/mainframe/Desktop/coding/projects/codeOrbit/codeOrbit/frontend/src/components/TerminalPanel.jsx:134:1
  132|          </div>
  133|      );
  134|  };
     |   ^
  135|  
  136|  const styles = {
      at constructor (/home/mainframe/Desktop/coding/projects/codeOrbit/codeOrbit/frontend/node_modules/@babel/parser/lib/index.js:365:19)
      at JSXParserMixin.raise (/home/mainframe/Desktop/coding/projects/codeOrbit/codeOrbit/frontend/node_modules/@babel/parser/lib/index.js:6599:19)
      at JSXParserMixin.unexpected (/home/mainframe/Desktop/coding/projects/codeOrbit/codeOrbit/frontend/node_modules/@babel/parser/lib/index.js:6619:16)
      at JSXParserMixin.expect (/home/mainframe/Desktop/coding/projects/codeOrbit/codeOrbit/frontend/node_modules/@babel/parser/lib/index.js:6899:12)
      at JSXParserMixin.parseCallExpressionArguments (/home/mainframe/Desktop/coding/projects/codeOrbit/codeOrbit/frontend/node_modules/@babel/parser/lib/index.js:11243:14)
      at JSXParserMixin.parseCoverCallAndAsyncArrowHead (/home/mainframe/Desktop/coding/projects/codeOrbit/codeOrbit/frontend/node_modules/@babel/parser/lib/index.js:11186:29)
      at JSXParserMixin.parseSubscript (/home/mainframe/Desktop/coding/projects/codeOrbit/codeOrbit/frontend/node_modules/@babel/parser/lib/index.js:11120:19)
      at JSXParserMixin.parseSubscripts (/home/mainframe/Desktop/coding/projects/codeOrbit/codeOrbit/frontend/node_modules/@babel/parser/lib/index.js:11094:19)
      at JSXParserMixin.parseExprSubscripts (/home/mainframe/Desktop/coding/projects/codeOrbit/codeOrbit/frontend/node_modules/@babel/parser/lib/index.js:11085:17)
      at JSXParserMixin.parseUpdate (/home/mainframe/Desktop/coding/projects/codeOrbit/codeOrbit/frontend/node_modules/@babel/parser/lib/index.js:11066:21)
      at JSXParserMixin.parseMaybeUnary (/home/mainframe/Desktop/coding/projects/codeOrbit/codeOrbit/frontend/node_modules/@babel/parser/lib/index.js:11046:23)
      at JSXParserMixin.parseMaybeUnaryOrPrivate (/home/mainframe/Desktop/coding/projects/codeOrbit/codeOrbit/frontend/node_modules/@babel/parser/lib/index.js:10899:61)
      at JSXParserMixin.parseExprOps (/home/mainframe/Desktop/coding/projects/codeOrbit/codeOrbit/frontend/node_modules/@babel/parser/lib/index.js:10904:23)
      at JSXParserMixin.parseMaybeConditional (/home/mainframe/Desktop/coding/projects/codeOrbit/codeOrbit/frontend/node_modules/@babel/parser/lib/index.js:10881:23)
      at JSXParserMixin.parseMaybeAssign (/home/mainframe/Desktop/coding/projects/codeOrbit/codeOrbit/frontend/node_modules/@babel/parser/lib/index.js:10831:21)
      at /home/mainframe/Desktop/coding/projects/codeOrbit/codeOrbit/frontend/node_modules/@babel/parser/lib/index.js:10800:39
      at JSXParserMixin.allowInAnd (/home/mainframe/Desktop/coding/projects/codeOrbit/codeOrbit/frontend/node_modules/@babel/parser/lib/index.js:12421:16)
      at JSXParserMixin.parseMaybeAssignAllowIn (/home/mainframe/Desktop/coding/projects/codeOrbit/codeOrbit/frontend/node_modules/@babel/parser/lib/index.js:10800:17)
      at JSXParserMixin.parseVar (/home/mainframe/Desktop/coding/projects/codeOrbit/codeOrbit/frontend/node_modules/@babel/parser/lib/index.js:13384:91)
      at JSXParserMixin.parseVarStatement (/home/mainframe/Desktop/coding/projects/codeOrbit/codeOrbit/frontend/node_modules/@babel/parser/lib/index.js:13230:10)
      at JSXParserMixin.parseStatementContent (/home/mainframe/Desktop/coding/projects/codeOrbit/codeOrbit/frontend/node_modules/@babel/parser/lib/index.js:12851:23)
      at JSXParserMixin.parseStatementLike (/home/mainframe/Desktop/coding/projects/codeOrbit/codeOrbit/frontend/node_modules/@babel/parser/lib/index.js:12767:17)
      at JSXParserMixin.parseModuleItem (/home/mainframe/Desktop/coding/projects/codeOrbit/codeOrbit/frontend/node_modules/@babel/parser/lib/index.js:12744:17)
      at JSXParserMixin.parseBlockOrModuleBlockBody (/home/mainframe/Desktop/coding/projects/codeOrbit/codeOrbit/frontend/node_modules/@babel/parser/lib/index.js:13316:36)
      at JSXParserMixin.parseBlockBody (/home/mainframe/Desktop/coding/projects/codeOrbit/codeOrbit/frontend/node_modules/@babel/parser/lib/index.js:13309:10)
      at JSXParserMixin.parseProgram (/home/mainframe/Desktop/coding/projects/codeOrbit/codeOrbit/frontend/node_modules/@babel/parser/lib/index.js:12622:10)
      at JSXParserMixin.parseTopLevel (/home/mainframe/Desktop/coding/projects/codeOrbit/codeOrbit/frontend/node_modules/@babel/parser/lib/index.js:12612:25)
      at JSXParserMixin.parse (/home/mainframe/Desktop/coding/projects/codeOrbit/codeOrbit/frontend/node_modules/@babel/parser/lib/index.js:14488:25)
      at parse (/home/mainframe/Desktop/coding/projects/codeOrbit/codeOrbit/frontend/node_modules/@babel/parser/lib/index.js:14522:38)
      at parser (/home/mainframe/Desktop/coding/projects/codeOrbit/codeOrbit/frontend/node_modules/@babel/core/lib/parser/index.js:41:34)
      at parser.next (<anonymous>)
      at normalizeFile (/home/mainframe/Desktop/coding/projects/codeOrbit/codeOrbit/frontend/node_modules/@babel/core/lib/transformation/normalize-file.js:64:37)
      at normalizeFile.next (<anonymous>)
      at run (/home/mainframe/Desktop/coding/projects/codeOrbit/codeOrbit/frontend/node_modules/@babel/core/lib/transformation/index.js:22:50)
      at run.next (<anonymous>)
      at transform (/home/mainframe/Desktop/coding/projects/codeOrbit/codeOrbit/frontend/node_modules/@babel/core/lib/transform.js:22:33)
      at transform.next (<anonymous>)
      at step (/home/mainframe/Desktop/coding/projects/codeOrbit/codeOrbit/frontend/node_modules/gensync/index.js:261:32)
      at /home/mainframe/Desktop/coding/projects/codeOrbit/codeOrbit/frontend/node_modules/gensync/index.js:273:13
      at async.call.result.err.err (/home/mainframe/Desktop/coding/projects/codeOrbit/codeOrbit/frontend/node_modules/gensync/index.js:223:11)
      at /home/mainframe/Desktop/coding/projects/codeOrbit/codeOrbit/frontend/node_modules/gensync/index.js:189:28
      at /home/mainframe/Desktop/coding/projects/codeOrbit/codeOrbit/frontend/node_modules/@babel/core/lib/gensync-utils/async.js:67:7
      at /home/mainframe/Desktop/coding/projects/codeOrbit/codeOrbit/frontend/node_modules/gensync/index.js:113:33
      at step (/home/mainframe/Desktop/coding/projects/codeOrbit/codeOrbit/frontend/node_modules/gensync/index.js:287:14)
      at /home/mainframe/Desktop/coding/projects/codeOrbit/codeOrbit/frontend/node_modules/gensync/index.js:273:13
      at async.call.result.err.err (/home/mainframe/Desktop/coding/projects/codeOrbit/codeOrbit/frontend/node_modules/gensync/index.js:223:11)
1:46:49 am [vite] hmr update /src/components/TerminalPanel.jsx
1:46:56 am [vite] hmr update /src/components/Editor.jsx
1:46:56 am [vite] Internal server error: /home/mainframe/Desktop/coding/projects/codeOrbit/codeOrbit/frontend/src/components/Editor.jsx: Unexpected token, expected "," (250:1)

  248 |         />
  249 |     );
> 250 | };
      |  ^
  251 |
  252 | export default Editor;
  253 |
  Plugin: vite:react-babel
  File: /home/mainframe/Desktop/coding/projects/codeOrbit/codeOrbit/frontend/src/components/Editor.jsx:250:1
  248|          />
  249|      );
  250|  };
     |   ^
  251|  
  252|  export default Editor;
      at constructor (/home/mainframe/Desktop/coding/projects/codeOrbit/codeOrbit/frontend/node_modules/@babel/parser/lib/index.js:365:19)
      at JSXParserMixin.raise (/home/mainframe/Desktop/coding/projects/codeOrbit/codeOrbit/frontend/node_modules/@babel/parser/lib/index.js:6599:19)
      at JSXParserMixin.unexpected (/home/mainframe/Desktop/coding/projects/codeOrbit/codeOrbit/frontend/node_modules/@babel/parser/lib/index.js:6619:16)
      at JSXParserMixin.expect (/home/mainframe/Desktop/coding/projects/codeOrbit/codeOrbit/frontend/node_modules/@babel/parser/lib/index.js:6899:12)
      at JSXParserMixin.parseCallExpressionArguments (/home/mainframe/Desktop/coding/projects/codeOrbit/codeOrbit/frontend/node_modules/@babel/parser/lib/index.js:11243:14)
      at JSXParserMixin.parseCoverCallAndAsyncArrowHead (/home/mainframe/Desktop/coding/projects/codeOrbit/codeOrbit/frontend/node_modules/@babel/parser/lib/index.js:11186:29)
      at JSXParserMixin.parseSubscript (/home/mainframe/Desktop/coding/projects/codeOrbit/codeOrbit/frontend/node_modules/@babel/parser/lib/index.js:11120:19)
      at JSXParserMixin.parseSubscripts (/home/mainframe/Desktop/coding/projects/codeOrbit/codeOrbit/frontend/node_modules/@babel/parser/lib/index.js:11094:19)
      at JSXParserMixin.parseExprSubscripts (/home/mainframe/Desktop/coding/projects/codeOrbit/codeOrbit/frontend/node_modules/@babel/parser/lib/index.js:11085:17)
      at JSXParserMixin.parseUpdate (/home/mainframe/Desktop/coding/projects/codeOrbit/codeOrbit/frontend/node_modules/@babel/parser/lib/index.js:11066:21)
      at JSXParserMixin.parseMaybeUnary (/home/mainframe/Desktop/coding/projects/codeOrbit/codeOrbit/frontend/node_modules/@babel/parser/lib/index.js:11046:23)
      at JSXParserMixin.parseMaybeUnaryOrPrivate (/home/mainframe/Desktop/coding/projects/codeOrbit/codeOrbit/frontend/node_modules/@babel/parser/lib/index.js:10899:61)
      at JSXParserMixin.parseExprOps (/home/mainframe/Desktop/coding/projects/codeOrbit/codeOrbit/frontend/node_modules/@babel/parser/lib/index.js:10904:23)
      at JSXParserMixin.parseMaybeConditional (/home/mainframe/Desktop/coding/projects/codeOrbit/codeOrbit/frontend/node_modules/@babel/parser/lib/index.js:10881:23)
      at JSXParserMixin.parseMaybeAssign (/home/mainframe/Desktop/coding/projects/codeOrbit/codeOrbit/frontend/node_modules/@babel/parser/lib/index.js:10831:21)
      at /home/mainframe/Desktop/coding/projects/codeOrbit/codeOrbit/frontend/node_modules/@babel/parser/lib/index.js:10800:39
      at JSXParserMixin.allowInAnd (/home/mainframe/Desktop/coding/projects/codeOrbit/codeOrbit/frontend/node_modules/@babel/parser/lib/index.js:12421:16)
      at JSXParserMixin.parseMaybeAssignAllowIn (/home/mainframe/Desktop/coding/projects/codeOrbit/codeOrbit/frontend/node_modules/@babel/parser/lib/index.js:10800:17)
      at JSXParserMixin.parseVar (/home/mainframe/Desktop/coding/projects/codeOrbit/codeOrbit/frontend/node_modules/@babel/parser/lib/index.js:13384:91)
      at JSXParserMixin.parseVarStatement (/home/mainframe/Desktop/coding/projects/codeOrbit/codeOrbit/frontend/node_modules/@babel/parser/lib/index.js:13230:10)
      at JSXParserMixin.parseStatementContent (/home/mainframe/Desktop/coding/projects/codeOrbit/codeOrbit/frontend/node_modules/@babel/parser/lib/index.js:12851:23)
      at JSXParserMixin.parseStatementLike (/home/mainframe/Desktop/coding/projects/codeOrbit/codeOrbit/frontend/node_modules/@babel/parser/lib/index.js:12767:17)
      at JSXParserMixin.parseModuleItem (/home/mainframe/Desktop/coding/projects/codeOrbit/codeOrbit/frontend/node_modules/@babel/parser/lib/index.js:12744:17)
      at JSXParserMixin.parseBlockOrModuleBlockBody (/home/mainframe/Desktop/coding/projects/codeOrbit/codeOrbit/frontend/node_modules/@babel/parser/lib/index.js:13316:36)
      at JSXParserMixin.parseBlockBody (/home/mainframe/Desktop/coding/projects/codeOrbit/codeOrbit/frontend/node_modules/@babel/parser/lib/index.js:13309:10)
      at JSXParserMixin.parseProgram (/home/mainframe/Desktop/coding/projects/codeOrbit/codeOrbit/frontend/node_modules/@babel/parser/lib/index.js:12622:10)
      at JSXParserMixin.parseTopLevel (/home/mainframe/Desktop/coding/projects/codeOrbit/codeOrbit/frontend/node_modules/@babel/parser/lib/index.js:12612:25)
      at JSXParserMixin.parse (/home/mainframe/Desktop/coding/projects/codeOrbit/codeOrbit/frontend/node_modules/@babel/parser/lib/index.js:14488:25)
      at parse (/home/mainframe/Desktop/coding/projects/codeOrbit/codeOrbit/frontend/node_modules/@babel/parser/lib/index.js:14522:38)
      at parser (/home/mainframe/Desktop/coding/projects/codeOrbit/codeOrbit/frontend/node_modules/@babel/core/lib/parser/index.js:41:34)
      at parser.next (<anonymous>)
      at normalizeFile (/home/mainframe/Desktop/coding/projects/codeOrbit/codeOrbit/frontend/node_modules/@babel/core/lib/transformation/normalize-file.js:64:37)
      at normalizeFile.next (<anonymous>)
      at run (/home/mainframe/Desktop/coding/projects/codeOrbit/codeOrbit/frontend/node_modules/@babel/core/lib/transformation/index.js:22:50)
      at run.next (<anonymous>)
      at transform (/home/mainframe/Desktop/coding/projects/codeOrbit/codeOrbit/frontend/node_modules/@babel/core/lib/transform.js:22:33)
      at transform.next (<anonymous>)
      at step (/home/mainframe/Desktop/coding/projects/codeOrbit/codeOrbit/frontend/node_modules/gensync/index.js:261:32)
      at /home/mainframe/Desktop/coding/projects/codeOrbit/codeOrbit/frontend/node_modules/gensync/index.js:273:13
      at async.call.result.err.err (/home/mainframe/Desktop/coding/projects/codeOrbit/codeOrbit/frontend/node_modules/gensync/index.js:223:11)
      at /home/mainframe/Desktop/coding/projects/codeOrbit/codeOrbit/frontend/node_modules/gensync/index.js:189:28
      at /home/mainframe/Desktop/coding/projects/codeOrbit/codeOrbit/frontend/node_modules/@babel/core/lib/gensync-utils/async.js:67:7
      at /home/mainframe/Desktop/coding/projects/codeOrbit/codeOrbit/frontend/node_modules/gensync/index.js:113:33
      at step (/home/mainframe/Desktop/coding/projects/codeOrbit/codeOrbit/frontend/node_modules/gensync/index.js:287:14)
      at /home/mainframe/Desktop/coding/projects/codeOrbit/codeOrbit/frontend/node_modules/gensync/index.js:273:13
      at async.call.result.err.err (/home/mainframe/Desktop/coding/projects/codeOrbit/codeOrbit/frontend/node_modules/gensync/index.js:223:11)
1:46:56 am [vite] Internal server error: /home/mainframe/Desktop/coding/projects/codeOrbit/codeOrbit/frontend/src/components/Editor.jsx: Unexpected token, expected "," (250:1)

  248 |         />
  249 |     );
> 250 | };
      |  ^
  251 |
  252 | export default Editor;
  253 |
  Plugin: vite:react-babel
  File: /home/mainframe/Desktop/coding/projects/codeOrbit/codeOrbit/frontend/src/components/Editor.jsx:250:1
  248|          />
  249|      );
  250|  };
     |   ^
  251|  
  252|  export default Editor;
      at constructor (/home/mainframe/Desktop/coding/projects/codeOrbit/codeOrbit/frontend/node_modules/@babel/parser/lib/index.js:365:19)
      at JSXParserMixin.raise (/home/mainframe/Desktop/coding/projects/codeOrbit/codeOrbit/frontend/node_modules/@babel/parser/lib/index.js:6599:19)
      at JSXParserMixin.unexpected (/home/mainframe/Desktop/coding/projects/codeOrbit/codeOrbit/frontend/node_modules/@babel/parser/lib/index.js:6619:16)
      at JSXParserMixin.expect (/home/mainframe/Desktop/coding/projects/codeOrbit/codeOrbit/frontend/node_modules/@babel/parser/lib/index.js:6899:12)
      at JSXParserMixin.parseCallExpressionArguments (/home/mainframe/Desktop/coding/projects/codeOrbit/codeOrbit/frontend/node_modules/@babel/parser/lib/index.js:11243:14)
      at JSXParserMixin.parseCoverCallAndAsyncArrowHead (/home/mainframe/Desktop/coding/projects/codeOrbit/codeOrbit/frontend/node_modules/@babel/parser/lib/index.js:11186:29)
      at JSXParserMixin.parseSubscript (/home/mainframe/Desktop/coding/projects/codeOrbit/codeOrbit/frontend/node_modules/@babel/parser/lib/index.js:11120:19)
      at JSXParserMixin.parseSubscripts (/home/mainframe/Desktop/coding/projects/codeOrbit/codeOrbit/frontend/node_modules/@babel/parser/lib/index.js:11094:19)
      at JSXParserMixin.parseExprSubscripts (/home/mainframe/Desktop/coding/projects/codeOrbit/codeOrbit/frontend/node_modules/@babel/parser/lib/index.js:11085:17)
      at JSXParserMixin.parseUpdate (/home/mainframe/Desktop/coding/projects/codeOrbit/codeOrbit/frontend/node_modules/@babel/parser/lib/index.js:11066:21)
      at JSXParserMixin.parseMaybeUnary (/home/mainframe/Desktop/coding/projects/codeOrbit/codeOrbit/frontend/node_modules/@babel/parser/lib/index.js:11046:23)
      at JSXParserMixin.parseMaybeUnaryOrPrivate (/home/mainframe/Desktop/coding/projects/codeOrbit/codeOrbit/frontend/node_modules/@babel/parser/lib/index.js:10899:61)
      at JSXParserMixin.parseExprOps (/home/mainframe/Desktop/coding/projects/codeOrbit/codeOrbit/frontend/node_modules/@babel/parser/lib/index.js:10904:23)
      at JSXParserMixin.parseMaybeConditional (/home/mainframe/Desktop/coding/projects/codeOrbit/codeOrbit/frontend/node_modules/@babel/parser/lib/index.js:10881:23)
      at JSXParserMixin.parseMaybeAssign (/home/mainframe/Desktop/coding/projects/codeOrbit/codeOrbit/frontend/node_modules/@babel/parser/lib/index.js:10831:21)
      at /home/mainframe/Desktop/coding/projects/codeOrbit/codeOrbit/frontend/node_modules/@babel/parser/lib/index.js:10800:39
      at JSXParserMixin.allowInAnd (/home/mainframe/Desktop/coding/projects/codeOrbit/codeOrbit/frontend/node_modules/@babel/parser/lib/index.js:12421:16)
      at JSXParserMixin.parseMaybeAssignAllowIn (/home/mainframe/Desktop/coding/projects/codeOrbit/codeOrbit/frontend/node_modules/@babel/parser/lib/index.js:10800:17)
      at JSXParserMixin.parseVar (/home/mainframe/Desktop/coding/projects/codeOrbit/codeOrbit/frontend/node_modules/@babel/parser/lib/index.js:13384:91)
      at JSXParserMixin.parseVarStatement (/home/mainframe/Desktop/coding/projects/codeOrbit/codeOrbit/frontend/node_modules/@babel/parser/lib/index.js:13230:10)
      at JSXParserMixin.parseStatementContent (/home/mainframe/Desktop/coding/projects/codeOrbit/codeOrbit/frontend/node_modules/@babel/parser/lib/index.js:12851:23)
      at JSXParserMixin.parseStatementLike (/home/mainframe/Desktop/coding/projects/codeOrbit/codeOrbit/frontend/node_modules/@babel/parser/lib/index.js:12767:17)
      at JSXParserMixin.parseModuleItem (/home/mainframe/Desktop/coding/projects/codeOrbit/codeOrbit/frontend/node_modules/@babel/parser/lib/index.js:12744:17)
      at JSXParserMixin.parseBlockOrModuleBlockBody (/home/mainframe/Desktop/coding/projects/codeOrbit/codeOrbit/frontend/node_modules/@babel/parser/lib/index.js:13316:36)
      at JSXParserMixin.parseBlockBody (/home/mainframe/Desktop/coding/projects/codeOrbit/codeOrbit/frontend/node_modules/@babel/parser/lib/index.js:13309:10)
      at JSXParserMixin.parseProgram (/home/mainframe/Desktop/coding/projects/codeOrbit/codeOrbit/frontend/node_modules/@babel/parser/lib/index.js:12622:10)
      at JSXParserMixin.parseTopLevel (/home/mainframe/Desktop/coding/projects/codeOrbit/codeOrbit/frontend/node_modules/@babel/parser/lib/index.js:12612:25)
      at JSXParserMixin.parse (/home/mainframe/Desktop/coding/projects/codeOrbit/codeOrbit/frontend/node_modules/@babel/parser/lib/index.js:14488:25)
      at parse (/home/mainframe/Desktop/coding/projects/codeOrbit/codeOrbit/frontend/node_modules/@babel/parser/lib/index.js:14522:38)
      at parser (/home/mainframe/Desktop/coding/projects/codeOrbit/codeOrbit/frontend/node_modules/@babel/core/lib/parser/index.js:41:34)
      at parser.next (<anonymous>)
      at normalizeFile (/home/mainframe/Desktop/coding/projects/codeOrbit/codeOrbit/frontend/node_modules/@babel/core/lib/transformation/normalize-file.js:64:37)
      at normalizeFile.next (<anonymous>)
      at run (/home/mainframe/Desktop/coding/projects/codeOrbit/codeOrbit/frontend/node_modules/@babel/core/lib/transformation/index.js:22:50)
      at run.next (<anonymous>)
      at transform (/home/mainframe/Desktop/coding/projects/codeOrbit/codeOrbit/frontend/node_modules/@babel/core/lib/transform.js:22:33)
      at transform.next (<anonymous>)
      at step (/home/mainframe/Desktop/coding/projects/codeOrbit/codeOrbit/frontend/node_modules/gensync/index.js:261:32)
      at /home/mainframe/Desktop/coding/projects/codeOrbit/codeOrbit/frontend/node_modules/gensync/index.js:273:13
      at async.call.result.err.err (/home/mainframe/Desktop/coding/projects/codeOrbit/codeOrbit/frontend/node_modules/gensync/index.js:223:11)
      at /home/mainframe/Desktop/coding/projects/codeOrbit/codeOrbit/frontend/node_modules/gensync/index.js:189:28
      at /home/mainframe/Desktop/coding/projects/codeOrbit/codeOrbit/frontend/node_modules/@babel/core/lib/gensync-utils/async.js:67:7
      at /home/mainframe/Desktop/coding/projects/codeOrbit/codeOrbit/frontend/node_modules/gensync/index.js:113:33
      at step (/home/mainframe/Desktop/coding/projects/codeOrbit/codeOrbit/frontend/node_modules/gensync/index.js:287:14)
      at /home/mainframe/Desktop/coding/projects/codeOrbit/codeOrbit/frontend/node_modules/gensync/index.js:273:13
      at async.call.result.err.err (/home/mainframe/Desktop/coding/projects/codeOrbit/codeOrbit/frontend/node_modules/gensync/index.js:223:11)
1:46:56 am [vite] Internal server error: /home/mainframe/Desktop/coding/projects/codeOrbit/codeOrbit/frontend/src/components/Editor.jsx: Unexpected token, expected "," (250:1)

  248 |         />
  249 |     );
> 250 | };
      |  ^
  251 |
  252 | export default Editor;
  253 |
  Plugin: vite:react-babel
  File: /home/mainframe/Desktop/coding/projects/codeOrbit/codeOrbit/frontend/src/components/Editor.jsx:250:1
  248|          />
  249|      );
  250|  };
     |   ^
  251|  
  252|  export default Editor;
      at constructor (/home/mainframe/Desktop/coding/projects/codeOrbit/codeOrbit/frontend/node_modules/@babel/parser/lib/index.js:365:19)
      at JSXParserMixin.raise (/home/mainframe/Desktop/coding/projects/codeOrbit/codeOrbit/frontend/node_modules/@babel/parser/lib/index.js:6599:19)
      at JSXParserMixin.unexpected (/home/mainframe/Desktop/coding/projects/codeOrbit/codeOrbit/frontend/node_modules/@babel/parser/lib/index.js:6619:16)
      at JSXParserMixin.expect (/home/mainframe/Desktop/coding/projects/codeOrbit/codeOrbit/frontend/node_modules/@babel/parser/lib/index.js:6899:12)
      at JSXParserMixin.parseCallExpressionArguments (/home/mainframe/Desktop/coding/projects/codeOrbit/codeOrbit/frontend/node_modules/@babel/parser/lib/index.js:11243:14)
      at JSXParserMixin.parseCoverCallAndAsyncArrowHead (/home/mainframe/Desktop/coding/projects/codeOrbit/codeOrbit/frontend/node_modules/@babel/parser/lib/index.js:11186:29)
      at JSXParserMixin.parseSubscript (/home/mainframe/Desktop/coding/projects/codeOrbit/codeOrbit/frontend/node_modules/@babel/parser/lib/index.js:11120:19)
      at JSXParserMixin.parseSubscripts (/home/mainframe/Desktop/coding/projects/codeOrbit/codeOrbit/frontend/node_modules/@babel/parser/lib/index.js:11094:19)
      at JSXParserMixin.parseExprSubscripts (/home/mainframe/Desktop/coding/projects/codeOrbit/codeOrbit/frontend/node_modules/@babel/parser/lib/index.js:11085:17)
      at JSXParserMixin.parseUpdate (/home/mainframe/Desktop/coding/projects/codeOrbit/codeOrbit/frontend/node_modules/@babel/parser/lib/index.js:11066:21)
      at JSXParserMixin.parseMaybeUnary (/home/mainframe/Desktop/coding/projects/codeOrbit/codeOrbit/frontend/node_modules/@babel/parser/lib/index.js:11046:23)
      at JSXParserMixin.parseMaybeUnaryOrPrivate (/home/mainframe/Desktop/coding/projects/codeOrbit/codeOrbit/frontend/node_modules/@babel/parser/lib/index.js:10899:61)
      at JSXParserMixin.parseExprOps (/home/mainframe/Desktop/coding/projects/codeOrbit/codeOrbit/frontend/node_modules/@babel/parser/lib/index.js:10904:23)
      at JSXParserMixin.parseMaybeConditional (/home/mainframe/Desktop/coding/projects/codeOrbit/codeOrbit/frontend/node_modules/@babel/parser/lib/index.js:10881:23)
      at JSXParserMixin.parseMaybeAssign (/home/mainframe/Desktop/coding/projects/codeOrbit/codeOrbit/frontend/node_modules/@babel/parser/lib/index.js:10831:21)
      at /home/mainframe/Desktop/coding/projects/codeOrbit/codeOrbit/frontend/node_modules/@babel/parser/lib/index.js:10800:39
      at JSXParserMixin.allowInAnd (/home/mainframe/Desktop/coding/projects/codeOrbit/codeOrbit/frontend/node_modules/@babel/parser/lib/index.js:12421:16)
      at JSXParserMixin.parseMaybeAssignAllowIn (/home/mainframe/Desktop/coding/projects/codeOrbit/codeOrbit/frontend/node_modules/@babel/parser/lib/index.js:10800:17)
      at JSXParserMixin.parseVar (/home/mainframe/Desktop/coding/projects/codeOrbit/codeOrbit/frontend/node_modules/@babel/parser/lib/index.js:13384:91)
      at JSXParserMixin.parseVarStatement (/home/mainframe/Desktop/coding/projects/codeOrbit/codeOrbit/frontend/node_modules/@babel/parser/lib/index.js:13230:10)
      at JSXParserMixin.parseStatementContent (/home/mainframe/Desktop/coding/projects/codeOrbit/codeOrbit/frontend/node_modules/@babel/parser/lib/index.js:12851:23)
      at JSXParserMixin.parseStatementLike (/home/mainframe/Desktop/coding/projects/codeOrbit/codeOrbit/frontend/node_modules/@babel/parser/lib/index.js:12767:17)
      at JSXParserMixin.parseModuleItem (/home/mainframe/Desktop/coding/projects/codeOrbit/codeOrbit/frontend/node_modules/@babel/parser/lib/index.js:12744:17)
      at JSXParserMixin.parseBlockOrModuleBlockBody (/home/mainframe/Desktop/coding/projects/codeOrbit/codeOrbit/frontend/node_modules/@babel/parser/lib/index.js:13316:36)
      at JSXParserMixin.parseBlockBody (/home/mainframe/Desktop/coding/projects/codeOrbit/codeOrbit/frontend/node_modules/@babel/parser/lib/index.js:13309:10)
      at JSXParserMixin.parseProgram (/home/mainframe/Desktop/coding/projects/codeOrbit/codeOrbit/frontend/node_modules/@babel/parser/lib/index.js:12622:10)
      at JSXParserMixin.parseTopLevel (/home/mainframe/Desktop/coding/projects/codeOrbit/codeOrbit/frontend/node_modules/@babel/parser/lib/index.js:12612:25)
      at JSXParserMixin.parse (/home/mainframe/Desktop/coding/projects/codeOrbit/codeOrbit/frontend/node_modules/@babel/parser/lib/index.js:14488:25)
      at parse (/home/mainframe/Desktop/coding/projects/codeOrbit/codeOrbit/frontend/node_modules/@babel/parser/lib/index.js:14522:38)
      at parser (/home/mainframe/Desktop/coding/projects/codeOrbit/codeOrbit/frontend/node_modules/@babel/core/lib/parser/index.js:41:34)
      at parser.next (<anonymous>)
      at normalizeFile (/home/mainframe/Desktop/coding/projects/codeOrbit/codeOrbit/frontend/node_modules/@babel/core/lib/transformation/normalize-file.js:64:37)
      at normalizeFile.next (<anonymous>)
      at run (/home/mainframe/Desktop/coding/projects/codeOrbit/codeOrbit/frontend/node_modules/@babel/core/lib/transformation/index.js:22:50)
      at run.next (<anonymous>)
      at transform (/home/mainframe/Desktop/coding/projects/codeOrbit/codeOrbit/frontend/node_modules/@babel/core/lib/transform.js:22:33)
      at transform.next (<anonymous>)
      at step (/home/mainframe/Desktop/coding/projects/codeOrbit/codeOrbit/frontend/node_modules/gensync/index.js:261:32)
      at /home/mainframe/Desktop/coding/projects/codeOrbit/codeOrbit/frontend/node_modules/gensync/index.js:273:13
      at async.call.result.err.err (/home/mainframe/Desktop/coding/projects/codeOrbit/codeOrbit/frontend/node_modules/gensync/index.js:223:11)
      at /home/mainframe/Desktop/coding/projects/codeOrbit/codeOrbit/frontend/node_modules/gensync/index.js:189:28
      at /home/mainframe/Desktop/coding/projects/codeOrbit/codeOrbit/frontend/node_modules/@babel/core/lib/gensync-utils/async.js:67:7
      at /home/mainframe/Desktop/coding/projects/codeOrbit/codeOrbit/frontend/node_modules/gensync/index.js:113:33
      at step (/home/mainframe/Desktop/coding/projects/codeOrbit/codeOrbit/frontend/node_modules/gensync/index.js:287:14)
      at /home/mainframe/Desktop/coding/projects/codeOrbit/codeOrbit/frontend/node_modules/gensync/index.js:273:13
      at async.call.result.err.err (/home/mainframe/Desktop/coding/projects/codeOrbit/codeOrbit/frontend/node_modules/gensync/index.js:223:11)
1:46:56 am [vite] Internal server error: /home/mainframe/Desktop/coding/projects/codeOrbit/codeOrbit/frontend/src/components/Editor.jsx: Unexpected token, expected "," (250:1)

  248 |         />
  249 |     );
> 250 | };
      |  ^
  251 |
  252 | export default Editor;
  253 |
  Plugin: vite:react-babel
  File: /home/mainframe/Desktop/coding/projects/codeOrbit/codeOrbit/frontend/src/components/Editor.jsx:250:1
  248|          />
  249|      );
  250|  };
     |   ^
  251|  
  252|  export default Editor;
      at constructor (/home/mainframe/Desktop/coding/projects/codeOrbit/codeOrbit/frontend/node_modules/@babel/parser/lib/index.js:365:19)
      at JSXParserMixin.raise (/home/mainframe/Desktop/coding/projects/codeOrbit/codeOrbit/frontend/node_modules/@babel/parser/lib/index.js:6599:19)
      at JSXParserMixin.unexpected (/home/mainframe/Desktop/coding/projects/codeOrbit/codeOrbit/frontend/node_modules/@babel/parser/lib/index.js:6619:16)
      at JSXParserMixin.expect (/home/mainframe/Desktop/coding/projects/codeOrbit/codeOrbit/frontend/node_modules/@babel/parser/lib/index.js:6899:12)
      at JSXParserMixin.parseCallExpressionArguments (/home/mainframe/Desktop/coding/projects/codeOrbit/codeOrbit/frontend/node_modules/@babel/parser/lib/index.js:11243:14)
      at JSXParserMixin.parseCoverCallAndAsyncArrowHead (/home/mainframe/Desktop/coding/projects/codeOrbit/codeOrbit/frontend/node_modules/@babel/parser/lib/index.js:11186:29)
      at JSXParserMixin.parseSubscript (/home/mainframe/Desktop/coding/projects/codeOrbit/codeOrbit/frontend/node_modules/@babel/parser/lib/index.js:11120:19)
      at JSXParserMixin.parseSubscripts (/home/mainframe/Desktop/coding/projects/codeOrbit/codeOrbit/frontend/node_modules/@babel/parser/lib/index.js:11094:19)
      at JSXParserMixin.parseExprSubscripts (/home/mainframe/Desktop/coding/projects/codeOrbit/codeOrbit/frontend/node_modules/@babel/parser/lib/index.js:11085:17)
      at JSXParserMixin.parseUpdate (/home/mainframe/Desktop/coding/projects/codeOrbit/codeOrbit/frontend/node_modules/@babel/parser/lib/index.js:11066:21)
      at JSXParserMixin.parseMaybeUnary (/home/mainframe/Desktop/coding/projects/codeOrbit/codeOrbit/frontend/node_modules/@babel/parser/lib/index.js:11046:23)
      at JSXParserMixin.parseMaybeUnaryOrPrivate (/home/mainframe/Desktop/coding/projects/codeOrbit/codeOrbit/frontend/node_modules/@babel/parser/lib/index.js:10899:61)
      at JSXParserMixin.parseExprOps (/home/mainframe/Desktop/coding/projects/codeOrbit/codeOrbit/frontend/node_modules/@babel/parser/lib/index.js:10904:23)
      at JSXParserMixin.parseMaybeConditional (/home/mainframe/Desktop/coding/projects/codeOrbit/codeOrbit/frontend/node_modules/@babel/parser/lib/index.js:10881:23)
      at JSXParserMixin.parseMaybeAssign (/home/mainframe/Desktop/coding/projects/codeOrbit/codeOrbit/frontend/node_modules/@babel/parser/lib/index.js:10831:21)
      at /home/mainframe/Desktop/coding/projects/codeOrbit/codeOrbit/frontend/node_modules/@babel/parser/lib/index.js:10800:39
      at JSXParserMixin.allowInAnd (/home/mainframe/Desktop/coding/projects/codeOrbit/codeOrbit/frontend/node_modules/@babel/parser/lib/index.js:12421:16)
      at JSXParserMixin.parseMaybeAssignAllowIn (/home/mainframe/Desktop/coding/projects/codeOrbit/codeOrbit/frontend/node_modules/@babel/parser/lib/index.js:10800:17)
      at JSXParserMixin.parseVar (/home/mainframe/Desktop/coding/projects/codeOrbit/codeOrbit/frontend/node_modules/@babel/parser/lib/index.js:13384:91)
      at JSXParserMixin.parseVarStatement (/home/mainframe/Desktop/coding/projects/codeOrbit/codeOrbit/frontend/node_modules/@babel/parser/lib/index.js:13230:10)
      at JSXParserMixin.parseStatementContent (/home/mainframe/Desktop/coding/projects/codeOrbit/codeOrbit/frontend/node_modules/@babel/parser/lib/index.js:12851:23)
      at JSXParserMixin.parseStatementLike (/home/mainframe/Desktop/coding/projects/codeOrbit/codeOrbit/frontend/node_modules/@babel/parser/lib/index.js:12767:17)
      at JSXParserMixin.parseModuleItem (/home/mainframe/Desktop/coding/projects/codeOrbit/codeOrbit/frontend/node_modules/@babel/parser/lib/index.js:12744:17)
      at JSXParserMixin.parseBlockOrModuleBlockBody (/home/mainframe/Desktop/coding/projects/codeOrbit/codeOrbit/frontend/node_modules/@babel/parser/lib/index.js:13316:36)
      at JSXParserMixin.parseBlockBody (/home/mainframe/Desktop/coding/projects/codeOrbit/codeOrbit/frontend/node_modules/@babel/parser/lib/index.js:13309:10)
      at JSXParserMixin.parseProgram (/home/mainframe/Desktop/coding/projects/codeOrbit/codeOrbit/frontend/node_modules/@babel/parser/lib/index.js:12622:10)
      at JSXParserMixin.parseTopLevel (/home/mainframe/Desktop/coding/projects/codeOrbit/codeOrbit/frontend/node_modules/@babel/parser/lib/index.js:12612:25)
      at JSXParserMixin.parse (/home/mainframe/Desktop/coding/projects/codeOrbit/codeOrbit/frontend/node_modules/@babel/parser/lib/index.js:14488:25)
      at parse (/home/mainframe/Desktop/coding/projects/codeOrbit/codeOrbit/frontend/node_modules/@babel/parser/lib/index.js:14522:38)
      at parser (/home/mainframe/Desktop/coding/projects/codeOrbit/codeOrbit/frontend/node_modules/@babel/core/lib/parser/index.js:41:34)
      at parser.next (<anonymous>)
      at normalizeFile (/home/mainframe/Desktop/coding/projects/codeOrbit/codeOrbit/frontend/node_modules/@babel/core/lib/transformation/normalize-file.js:64:37)
      at normalizeFile.next (<anonymous>)
      at run (/home/mainframe/Desktop/coding/projects/codeOrbit/codeOrbit/frontend/node_modules/@babel/core/lib/transformation/index.js:22:50)
      at run.next (<anonymous>)
      at transform (/home/mainframe/Desktop/coding/projects/codeOrbit/codeOrbit/frontend/node_modules/@babel/core/lib/transform.js:22:33)
      at transform.next (<anonymous>)
      at step (/home/mainframe/Desktop/coding/projects/codeOrbit/codeOrbit/frontend/node_modules/gensync/index.js:261:32)
      at /home/mainframe/Desktop/coding/projects/codeOrbit/codeOrbit/frontend/node_modules/gensync/index.js:273:13
      at async.call.result.err.err (/home/mainframe/Desktop/coding/projects/codeOrbit/codeOrbit/frontend/node_modules/gensync/index.js:223:11)
      at /home/mainframe/Desktop/coding/projects/codeOrbit/codeOrbit/frontend/node_modules/gensync/index.js:189:28
      at /home/mainframe/Desktop/coding/projects/codeOrbit/codeOrbit/frontend/node_modules/@babel/core/lib/gensync-utils/async.js:67:7
      at /home/mainframe/Desktop/coding/projects/codeOrbit/codeOrbit/frontend/node_modules/gensync/index.js:113:33
      at step (/home/mainframe/Desktop/coding/projects/codeOrbit/codeOrbit/frontend/node_modules/gensync/index.js:287:14)
      at /home/mainframe/Desktop/coding/projects/codeOrbit/codeOrbit/frontend/node_modules/gensync/index.js:273:13
      at async.call.result.err.err (/home/mainframe/Desktop/coding/projects/codeOrbit/codeOrbit/frontend/node_modules/gensync/index.js:223:11)
1:46:56 am [vite] Internal server error: /home/mainframe/Desktop/coding/projects/codeOrbit/codeOrbit/frontend/src/components/Editor.jsx: Unexpected token, expected "," (250:1)

  248 |         />
  249 |     );
> 250 | };
      |  ^
  251 |
  252 | export default Editor;
  253 |
  Plugin: vite:react-babel
  File: /home/mainframe/Desktop/coding/projects/codeOrbit/codeOrbit/frontend/src/components/Editor.jsx:250:1
  248|          />
  249|      );
  250|  };
     |   ^
  251|  
  252|  export default Editor;
      at constructor (/home/mainframe/Desktop/coding/projects/codeOrbit/codeOrbit/frontend/node_modules/@babel/parser/lib/index.js:365:19)
      at JSXParserMixin.raise (/home/mainframe/Desktop/coding/projects/codeOrbit/codeOrbit/frontend/node_modules/@babel/parser/lib/index.js:6599:19)
      at JSXParserMixin.unexpected (/home/mainframe/Desktop/coding/projects/codeOrbit/codeOrbit/frontend/node_modules/@babel/parser/lib/index.js:6619:16)
      at JSXParserMixin.expect (/home/mainframe/Desktop/coding/projects/codeOrbit/codeOrbit/frontend/node_modules/@babel/parser/lib/index.js:6899:12)
      at JSXParserMixin.parseCallExpressionArguments (/home/mainframe/Desktop/coding/projects/codeOrbit/codeOrbit/frontend/node_modules/@babel/parser/lib/index.js:11243:14)
      at JSXParserMixin.parseCoverCallAndAsyncArrowHead (/home/mainframe/Desktop/coding/projects/codeOrbit/codeOrbit/frontend/node_modules/@babel/parser/lib/index.js:11186:29)
      at JSXParserMixin.parseSubscript (/home/mainframe/Desktop/coding/projects/codeOrbit/codeOrbit/frontend/node_modules/@babel/parser/lib/index.js:11120:19)
      at JSXParserMixin.parseSubscripts (/home/mainframe/Desktop/coding/projects/codeOrbit/codeOrbit/frontend/node_modules/@babel/parser/lib/index.js:11094:19)
      at JSXParserMixin.parseExprSubscripts (/home/mainframe/Desktop/coding/projects/codeOrbit/codeOrbit/frontend/node_modules/@babel/parser/lib/index.js:11085:17)
      at JSXParserMixin.parseUpdate (/home/mainframe/Desktop/coding/projects/codeOrbit/codeOrbit/frontend/node_modules/@babel/parser/lib/index.js:11066:21)
      at JSXParserMixin.parseMaybeUnary (/home/mainframe/Desktop/coding/projects/codeOrbit/codeOrbit/frontend/node_modules/@babel/parser/lib/index.js:11046:23)
      at JSXParserMixin.parseMaybeUnaryOrPrivate (/home/mainframe/Desktop/coding/projects/codeOrbit/codeOrbit/frontend/node_modules/@babel/parser/lib/index.js:10899:61)
      at JSXParserMixin.parseExprOps (/home/mainframe/Desktop/coding/projects/codeOrbit/codeOrbit/frontend/node_modules/@babel/parser/lib/index.js:10904:23)
      at JSXParserMixin.parseMaybeConditional (/home/mainframe/Desktop/coding/projects/codeOrbit/codeOrbit/frontend/node_modules/@babel/parser/lib/index.js:10881:23)
      at JSXParserMixin.parseMaybeAssign (/home/mainframe/Desktop/coding/projects/codeOrbit/codeOrbit/frontend/node_modules/@babel/parser/lib/index.js:10831:21)
      at /home/mainframe/Desktop/coding/projects/codeOrbit/codeOrbit/frontend/node_modules/@babel/parser/lib/index.js:10800:39
      at JSXParserMixin.allowInAnd (/home/mainframe/Desktop/coding/projects/codeOrbit/codeOrbit/frontend/node_modules/@babel/parser/lib/index.js:12421:16)
      at JSXParserMixin.parseMaybeAssignAllowIn (/home/mainframe/Desktop/coding/projects/codeOrbit/codeOrbit/frontend/node_modules/@babel/parser/lib/index.js:10800:17)
      at JSXParserMixin.parseVar (/home/mainframe/Desktop/coding/projects/codeOrbit/codeOrbit/frontend/node_modules/@babel/parser/lib/index.js:13384:91)
      at JSXParserMixin.parseVarStatement (/home/mainframe/Desktop/coding/projects/codeOrbit/codeOrbit/frontend/node_modules/@babel/parser/lib/index.js:13230:10)
      at JSXParserMixin.parseStatementContent (/home/mainframe/Desktop/coding/projects/codeOrbit/codeOrbit/frontend/node_modules/@babel/parser/lib/index.js:12851:23)
      at JSXParserMixin.parseStatementLike (/home/mainframe/Desktop/coding/projects/codeOrbit/codeOrbit/frontend/node_modules/@babel/parser/lib/index.js:12767:17)
      at JSXParserMixin.parseModuleItem (/home/mainframe/Desktop/coding/projects/codeOrbit/codeOrbit/frontend/node_modules/@babel/parser/lib/index.js:12744:17)
      at JSXParserMixin.parseBlockOrModuleBlockBody (/home/mainframe/Desktop/coding/projects/codeOrbit/codeOrbit/frontend/node_modules/@babel/parser/lib/index.js:13316:36)
      at JSXParserMixin.parseBlockBody (/home/mainframe/Desktop/coding/projects/codeOrbit/codeOrbit/frontend/node_modules/@babel/parser/lib/index.js:13309:10)
      at JSXParserMixin.parseProgram (/home/mainframe/Desktop/coding/projects/codeOrbit/codeOrbit/frontend/node_modules/@babel/parser/lib/index.js:12622:10)
      at JSXParserMixin.parseTopLevel (/home/mainframe/Desktop/coding/projects/codeOrbit/codeOrbit/frontend/node_modules/@babel/parser/lib/index.js:12612:25)
      at JSXParserMixin.parse (/home/mainframe/Desktop/coding/projects/codeOrbit/codeOrbit/frontend/node_modules/@babel/parser/lib/index.js:14488:25)
      at parse (/home/mainframe/Desktop/coding/projects/codeOrbit/codeOrbit/frontend/node_modules/@babel/parser/lib/index.js:14522:38)
      at parser (/home/mainframe/Desktop/coding/projects/codeOrbit/codeOrbit/frontend/node_modules/@babel/core/lib/parser/index.js:41:34)
      at parser.next (<anonymous>)
      at normalizeFile (/home/mainframe/Desktop/coding/projects/codeOrbit/codeOrbit/frontend/node_modules/@babel/core/lib/transformation/normalize-file.js:64:37)
      at normalizeFile.next (<anonymous>)
      at run (/home/mainframe/Desktop/coding/projects/codeOrbit/codeOrbit/frontend/node_modules/@babel/core/lib/transformation/index.js:22:50)
      at run.next (<anonymous>)
      at transform (/home/mainframe/Desktop/coding/projects/codeOrbit/codeOrbit/frontend/node_modules/@babel/core/lib/transform.js:22:33)
      at transform.next (<anonymous>)
      at step (/home/mainframe/Desktop/coding/projects/codeOrbit/codeOrbit/frontend/node_modules/gensync/index.js:261:32)
      at /home/mainframe/Desktop/coding/projects/codeOrbit/codeOrbit/frontend/node_modules/gensync/index.js:273:13
      at async.call.result.err.err (/home/mainframe/Desktop/coding/projects/codeOrbit/codeOrbit/frontend/node_modules/gensync/index.js:223:11)
      at /home/mainframe/Desktop/coding/projects/codeOrbit/codeOrbit/frontend/node_modules/gensync/index.js:189:28
      at /home/mainframe/Desktop/coding/projects/codeOrbit/codeOrbit/frontend/node_modules/@babel/core/lib/gensync-utils/async.js:67:7
      at /home/mainframe/Desktop/coding/projects/codeOrbit/codeOrbit/frontend/node_modules/gensync/index.js:113:33
      at step (/home/mainframe/Desktop/coding/projects/codeOrbit/codeOrbit/frontend/node_modules/gensync/index.js:287:14)
      at /home/mainframe/Desktop/coding/projects/codeOrbit/codeOrbit/frontend/node_modules/gensync/index.js:273:13
      at async.call.result.err.err (/home/mainframe/Desktop/coding/projects/codeOrbit/codeOrbit/frontend/node_modules/gensync/index.js:223:11)
1:46:56 am [vite] Internal server error: /home/mainframe/Desktop/coding/projects/codeOrbit/codeOrbit/frontend/src/components/Editor.jsx: Unexpected token, expected "," (250:1)

  248 |         />
  249 |     );
> 250 | };
      |  ^
  251 |
  252 | export default Editor;
  253 |
  Plugin: vite:react-babel
  File: /home/mainframe/Desktop/coding/projects/codeOrbit/codeOrbit/frontend/src/components/Editor.jsx:250:1
  248|          />
  249|      );
  250|  };
     |   ^
  251|  
  252|  export default Editor;
      at constructor (/home/mainframe/Desktop/coding/projects/codeOrbit/codeOrbit/frontend/node_modules/@babel/parser/lib/index.js:365:19)
      at JSXParserMixin.raise (/home/mainframe/Desktop/coding/projects/codeOrbit/codeOrbit/frontend/node_modules/@babel/parser/lib/index.js:6599:19)
      at JSXParserMixin.unexpected (/home/mainframe/Desktop/coding/projects/codeOrbit/codeOrbit/frontend/node_modules/@babel/parser/lib/index.js:6619:16)
      at JSXParserMixin.expect (/home/mainframe/Desktop/coding/projects/codeOrbit/codeOrbit/frontend/node_modules/@babel/parser/lib/index.js:6899:12)
      at JSXParserMixin.parseCallExpressionArguments (/home/mainframe/Desktop/coding/projects/codeOrbit/codeOrbit/frontend/node_modules/@babel/parser/lib/index.js:11243:14)
      at JSXParserMixin.parseCoverCallAndAsyncArrowHead (/home/mainframe/Desktop/coding/projects/codeOrbit/codeOrbit/frontend/node_modules/@babel/parser/lib/index.js:11186:29)
      at JSXParserMixin.parseSubscript (/home/mainframe/Desktop/coding/projects/codeOrbit/codeOrbit/frontend/node_modules/@babel/parser/lib/index.js:11120:19)
      at JSXParserMixin.parseSubscripts (/home/mainframe/Desktop/coding/projects/codeOrbit/codeOrbit/frontend/node_modules/@babel/parser/lib/index.js:11094:19)
      at JSXParserMixin.parseExprSubscripts (/home/mainframe/Desktop/coding/projects/codeOrbit/codeOrbit/frontend/node_modules/@babel/parser/lib/index.js:11085:17)
      at JSXParserMixin.parseUpdate (/home/mainframe/Desktop/coding/projects/codeOrbit/codeOrbit/frontend/node_modules/@babel/parser/lib/index.js:11066:21)
      at JSXParserMixin.parseMaybeUnary (/home/mainframe/Desktop/coding/projects/codeOrbit/codeOrbit/frontend/node_modules/@babel/parser/lib/index.js:11046:23)
      at JSXParserMixin.parseMaybeUnaryOrPrivate (/home/mainframe/Desktop/coding/projects/codeOrbit/codeOrbit/frontend/node_modules/@babel/parser/lib/index.js:10899:61)
      at JSXParserMixin.parseExprOps (/home/mainframe/Desktop/coding/projects/codeOrbit/codeOrbit/frontend/node_modules/@babel/parser/lib/index.js:10904:23)
      at JSXParserMixin.parseMaybeConditional (/home/mainframe/Desktop/coding/projects/codeOrbit/codeOrbit/frontend/node_modules/@babel/parser/lib/index.js:10881:23)
      at JSXParserMixin.parseMaybeAssign (/home/mainframe/Desktop/coding/projects/codeOrbit/codeOrbit/frontend/node_modules/@babel/parser/lib/index.js:10831:21)
      at /home/mainframe/Desktop/coding/projects/codeOrbit/codeOrbit/frontend/node_modules/@babel/parser/lib/index.js:10800:39
      at JSXParserMixin.allowInAnd (/home/mainframe/Desktop/coding/projects/codeOrbit/codeOrbit/frontend/node_modules/@babel/parser/lib/index.js:12421:16)
      at JSXParserMixin.parseMaybeAssignAllowIn (/home/mainframe/Desktop/coding/projects/codeOrbit/codeOrbit/frontend/node_modules/@babel/parser/lib/index.js:10800:17)
      at JSXParserMixin.parseVar (/home/mainframe/Desktop/coding/projects/codeOrbit/codeOrbit/frontend/node_modules/@babel/parser/lib/index.js:13384:91)
      at JSXParserMixin.parseVarStatement (/home/mainframe/Desktop/coding/projects/codeOrbit/codeOrbit/frontend/node_modules/@babel/parser/lib/index.js:13230:10)
      at JSXParserMixin.parseStatementContent (/home/mainframe/Desktop/coding/projects/codeOrbit/codeOrbit/frontend/node_modules/@babel/parser/lib/index.js:12851:23)
      at JSXParserMixin.parseStatementLike (/home/mainframe/Desktop/coding/projects/codeOrbit/codeOrbit/frontend/node_modules/@babel/parser/lib/index.js:12767:17)
      at JSXParserMixin.parseModuleItem (/home/mainframe/Desktop/coding/projects/codeOrbit/codeOrbit/frontend/node_modules/@babel/parser/lib/index.js:12744:17)
      at JSXParserMixin.parseBlockOrModuleBlockBody (/home/mainframe/Desktop/coding/projects/codeOrbit/codeOrbit/frontend/node_modules/@babel/parser/lib/index.js:13316:36)
      at JSXParserMixin.parseBlockBody (/home/mainframe/Desktop/coding/projects/codeOrbit/codeOrbit/frontend/node_modules/@babel/parser/lib/index.js:13309:10)
      at JSXParserMixin.parseProgram (/home/mainframe/Desktop/coding/projects/codeOrbit/codeOrbit/frontend/node_modules/@babel/parser/lib/index.js:12622:10)
      at JSXParserMixin.parseTopLevel (/home/mainframe/Desktop/coding/projects/codeOrbit/codeOrbit/frontend/node_modules/@babel/parser/lib/index.js:12612:25)
      at JSXParserMixin.parse (/home/mainframe/Desktop/coding/projects/codeOrbit/codeOrbit/frontend/node_modules/@babel/parser/lib/index.js:14488:25)
      at parse (/home/mainframe/Desktop/coding/projects/codeOrbit/codeOrbit/frontend/node_modules/@babel/parser/lib/index.js:14522:38)
      at parser (/home/mainframe/Desktop/coding/projects/codeOrbit/codeOrbit/frontend/node_modules/@babel/core/lib/parser/index.js:41:34)
      at parser.next (<anonymous>)
      at normalizeFile (/home/mainframe/Desktop/coding/projects/codeOrbit/codeOrbit/frontend/node_modules/@babel/core/lib/transformation/normalize-file.js:64:37)
      at normalizeFile.next (<anonymous>)
      at run (/home/mainframe/Desktop/coding/projects/codeOrbit/codeOrbit/frontend/node_modules/@babel/core/lib/transformation/index.js:22:50)
      at run.next (<anonymous>)
      at transform (/home/mainframe/Desktop/coding/projects/codeOrbit/codeOrbit/frontend/node_modules/@babel/core/lib/transform.js:22:33)
      at transform.next (<anonymous>)
      at step (/home/mainframe/Desktop/coding/projects/codeOrbit/codeOrbit/frontend/node_modules/gensync/index.js:261:32)
      at /home/mainframe/Desktop/coding/projects/codeOrbit/codeOrbit/frontend/node_modules/gensync/index.js:273:13
      at async.call.result.err.err (/home/mainframe/Desktop/coding/projects/codeOrbit/codeOrbit/frontend/node_modules/gensync/index.js:223:11)
      at /home/mainframe/Desktop/coding/projects/codeOrbit/codeOrbit/frontend/node_modules/gensync/index.js:189:28
      at /home/mainframe/Desktop/coding/projects/codeOrbit/codeOrbit/frontend/node_modules/@babel/core/lib/gensync-utils/async.js:67:7
      at /home/mainframe/Desktop/coding/projects/codeOrbit/codeOrbit/frontend/node_modules/gensync/index.js:113:33
      at step (/home/mainframe/Desktop/coding/projects/codeOrbit/codeOrbit/frontend/node_modules/gensync/index.js:287:14)
      at /home/mainframe/Desktop/coding/projects/codeOrbit/codeOrbit/frontend/node_modules/gensync/index.js:273:13
      at async.call.result.err.err (/home/mainframe/Desktop/coding/projects/codeOrbit/codeOrbit/frontend/node_modules/gensync/index.js:223:11)
1:47:03 am [vite] hmr update /src/components/Editor.jsx
1:47:15 am [vite] hmr update /src/pages/Room.jsx
1:47:23 am [vite] hmr update /src/pages/Room.jsx
