[INFO] Scanning for projects...
[INFO] 
[INFO] -------------------------< com.gazi:codeOrbit >-------------------------
[INFO] Building  0.0.1-SNAPSHOT
[INFO]   from pom.xml
[INFO] --------------------------------[ jar ]---------------------------------
[INFO] 
[INFO] >>> spring-boot:4.0.6:run (default-cli) > test-compile @ codeOrbit >>>
[INFO] 
[INFO] --- resources:3.3.1:resources (default-resources) @ codeOrbit ---
[INFO] skip non existing resourceDirectory /home/mainframe/Desktop/coding/projects/codeOrbit/CodeOrbit/src/main/resources
[INFO] skip non existing resourceDirectory /home/mainframe/Desktop/coding/projects/codeOrbit/CodeOrbit/src/main/resources
[INFO] 
[INFO] --- compiler:3.14.1:compile (default-compile) @ codeOrbit ---
[INFO] Recompiling the module because of added or removed source files.
[INFO] Compiling 35 source files with javac [debug parameters release 21] to target/classes
[INFO] 
[INFO] --- resources:3.3.1:testResources (default-testResources) @ codeOrbit ---
[INFO] skip non existing resourceDirectory /home/mainframe/Desktop/coding/projects/codeOrbit/CodeOrbit/src/test/resources
[INFO] 
[INFO] --- compiler:3.14.1:testCompile (default-testCompile) @ codeOrbit ---
[INFO] Recompiling the module because of changed dependency.
[INFO] Compiling 1 source file with javac [debug parameters release 21] to target/test-classes
[INFO] 
[INFO] <<< spring-boot:4.0.6:run (default-cli) < test-compile @ codeOrbit <<<
[INFO] 
[INFO] 
[INFO] --- spring-boot:4.0.6:run (default-cli) @ codeOrbit ---
[INFO] Attaching agents: []

  .   ____          _            __ _ _
 /\\ / ___'_ __ _ _(_)_ __  __ _ \ \ \ \
( ( )\___ | '_ | '_| | '_ \/ _` | \ \ \ \
 \\/  ___)| |_)| | | | | || (_| |  ) ) ) )
  '  |____| .__|_| |_|_| |_\__, | / / / /
 =========|_|==============|___/=/_/_/_/

 :: Spring Boot ::                (v4.0.6)

2026-05-10T00:37:20.135+03:00  INFO 11334 --- [           main] c.gazi.codeOrbit.CodeOrbitApplication    : Starting CodeOrbitApplication using Java 21.0.11 with PID 11334 (/home/mainframe/Desktop/coding/projects/codeOrbit/CodeOrbit/target/classes started by mainframe in /home/mainframe/Desktop/coding/projects/codeOrbit/CodeOrbit)
2026-05-10T00:37:20.136+03:00  INFO 11334 --- [           main] c.gazi.codeOrbit.CodeOrbitApplication    : No active profile set, falling back to 1 default profile: "default"
2026-05-10T00:37:20.546+03:00  INFO 11334 --- [           main] .s.d.r.c.RepositoryConfigurationDelegate : Bootstrapping Spring Data JPA repositories in DEFAULT mode.
2026-05-10T00:37:20.579+03:00  INFO 11334 --- [           main] .s.d.r.c.RepositoryConfigurationDelegate : Finished Spring Data repository scanning in 28 ms. Found 4 JPA repository interfaces.
2026-05-10T00:37:20.878+03:00  INFO 11334 --- [           main] o.s.boot.tomcat.TomcatWebServer          : Tomcat initialized with port 8080 (http)
2026-05-10T00:37:20.886+03:00  INFO 11334 --- [           main] o.apache.catalina.core.StandardService   : Starting service [Tomcat]
2026-05-10T00:37:20.887+03:00  INFO 11334 --- [           main] o.apache.catalina.core.StandardEngine    : Starting Servlet engine: [Apache Tomcat/11.0.21]
2026-05-10T00:37:20.911+03:00  INFO 11334 --- [           main] b.w.c.s.WebApplicationContextInitializer : Root WebApplicationContext: initialization completed in 748 ms
2026-05-10T00:37:20.977+03:00  INFO 11334 --- [           main] com.zaxxer.hikari.HikariDataSource       : HikariPool-1 - Starting...
2026-05-10T00:37:21.099+03:00  INFO 11334 --- [           main] com.zaxxer.hikari.pool.HikariPool        : HikariPool-1 - Added connection conn0: url=jdbc:h2:mem:c678a764-931f-4a65-9768-899cc0c84c34 user=SA
2026-05-10T00:37:21.100+03:00  INFO 11334 --- [           main] com.zaxxer.hikari.HikariDataSource       : HikariPool-1 - Start completed.
2026-05-10T00:37:21.118+03:00  INFO 11334 --- [           main] org.hibernate.orm.jpa                    : HHH008540: Processing PersistenceUnitInfo [name: default]
2026-05-10T00:37:21.153+03:00  INFO 11334 --- [           main] org.hibernate.orm.core                   : HHH000001: Hibernate ORM core version 7.2.12.Final
2026-05-10T00:37:21.392+03:00  INFO 11334 --- [           main] o.s.o.j.p.SpringPersistenceUnitInfo      : No LoadTimeWeaver setup: ignoring JPA class transformer
2026-05-10T00:37:21.442+03:00  INFO 11334 --- [           main] org.hibernate.orm.connections.pooling    : HHH10001005: Database info:
	Database JDBC URL [jdbc:h2:mem:c678a764-931f-4a65-9768-899cc0c84c34]
	Database driver: H2 JDBC Driver
	Database dialect: H2Dialect
	Database version: 2.4.240
	Default catalog/schema: C678A764-931F-4A65-9768-899CC0C84C34/PUBLIC
	Autocommit mode: undefined/unknown
	Isolation level: READ_COMMITTED [default READ_COMMITTED]
	JDBC fetch size: 100
	Pool: DataSourceConnectionProvider
	Minimum pool size: undefined/unknown
	Maximum pool size: undefined/unknown
2026-05-10T00:37:21.988+03:00  INFO 11334 --- [           main] org.hibernate.orm.core                   : HHH000489: No JTA platform available (set 'hibernate.transaction.jta.platform' to enable JTA platform integration)
2026-05-10T00:37:22.014+03:00  INFO 11334 --- [           main] j.LocalContainerEntityManagerFactoryBean : Initialized JPA EntityManagerFactory for persistence unit 'default'
2026-05-10T00:37:22.048+03:00  INFO 11334 --- [           main] o.s.d.j.r.query.QueryEnhancerFactories   : Hibernate is in classpath; If applicable, HQL parser will be used.
2026-05-10T00:37:22.179+03:00  INFO 11334 --- [           main] r$InitializeUserDetailsManagerConfigurer : Global AuthenticationManager configured with UserDetailsService bean with name customUserDetailsService
2026-05-10T00:37:22.737+03:00  WARN 11334 --- [           main] JpaBaseConfiguration$JpaWebConfiguration : spring.jpa.open-in-view is enabled by default. Therefore, database queries may be performed during view rendering. Explicitly configure spring.jpa.open-in-view to disable this warning
2026-05-10T00:37:22.820+03:00  WARN 11334 --- [           main] ConfigServletWebServerApplicationContext : Exception encountered during context initialization - cancelling refresh attempt: org.springframework.beans.factory.UnsatisfiedDependencyException: Error creating bean with name 'org.springframework.security.config.annotation.web.configuration.WebSecurityConfiguration': Unsatisfied dependency expressed through method 'setFilterChains' parameter 0: Error creating bean with name 'securityFilterChain' defined in class path resource [com/gazi/codeOrbit/config/SecurityConfig.class]: Failed to instantiate [org.springframework.security.web.SecurityFilterChain]: Factory method 'securityFilterChain' threw exception with message: No qualifying bean of type 'org.springframework.security.oauth2.client.registration.ClientRegistrationRepository' available
2026-05-10T00:37:22.821+03:00  INFO 11334 --- [           main] j.LocalContainerEntityManagerFactoryBean : Closing JPA EntityManagerFactory for persistence unit 'default'
2026-05-10T00:37:22.825+03:00  INFO 11334 --- [           main] com.zaxxer.hikari.HikariDataSource       : HikariPool-1 - Shutdown initiated...
2026-05-10T00:37:22.826+03:00  INFO 11334 --- [           main] com.zaxxer.hikari.HikariDataSource       : HikariPool-1 - Shutdown completed.
2026-05-10T00:37:22.827+03:00  INFO 11334 --- [           main] o.apache.catalina.core.StandardService   : Stopping service [Tomcat]
2026-05-10T00:37:22.832+03:00  INFO 11334 --- [           main] .s.b.a.l.ConditionEvaluationReportLogger : 

Error starting ApplicationContext. To display the condition evaluation report re-run your application with 'debug' enabled.
2026-05-10T00:37:22.840+03:00 ERROR 11334 --- [           main] o.s.b.d.LoggingFailureAnalysisReporter   : 

***************************
APPLICATION FAILED TO START
***************************

Description:

Parameter 0 of method setFilterChains in org.springframework.security.config.annotation.web.configuration.WebSecurityConfiguration required a bean of type 'org.springframework.security.oauth2.client.registration.ClientRegistrationRepository' that could not be found.


Action:

Consider defining a bean of type 'org.springframework.security.oauth2.client.registration.ClientRegistrationRepository' in your configuration.

[INFO] ------------------------------------------------------------------------
[INFO] BUILD FAILURE
[INFO] ------------------------------------------------------------------------
[INFO] Total time:  6.116 s
[INFO] Finished at: 2026-05-10T00:37:22+03:00
[INFO] ------------------------------------------------------------------------
[ERROR] Failed to execute goal org.springframework.boot:spring-boot-maven-plugin:4.0.6:run (default-cli) on project codeOrbit: Process terminated with exit code: 1 -> [Help 1]
[ERROR] 
[ERROR] To see the full stack trace of the errors, re-run Maven with the -e switch.
[ERROR] Re-run Maven using the -X switch to enable full debug logging.
[ERROR] 
[ERROR] For more information about the errors and possible solutions, please read the following articles:
[ERROR] [Help 1] http://cwiki.apache.org/confluence/display/MAVEN/MojoExecutionException
